#
# There is insufficient memory for the Java Runtime Environment to continue.
# Native memory allocation (malloc) failed to allocate 32784 bytes for Chunk::new
# Possible reasons:
#   The system is out of physical RAM or swap space
#   In 32 bit mode, the process size limit was hit
# Possible solutions:
#   Reduce memory load on the system
#   Increase physical memory or swap space
#   Check if swap backing store is full
#   Use 64 bit Java on a 64 bit OS
#   Decrease Java heap size (-Xmx/-Xms)
#   Decrease number of Java threads
#   Decrease Java thread stack sizes (-Xss)
#   Set larger code cache with -XX:ReservedCodeCacheSize=
# This output file may be truncated or incomplete.
#
#  Out of Memory Error (allocation.cpp:390), pid=12156, tid=0x0000000000001538
#
# JRE version: Java(TM) SE Runtime Environment (8.0_102-b14) (build 1.8.0_102-b14)
# Java VM: Java HotSpot(TM) 64-Bit Server VM (25.102-b14 mixed mode windows-amd64 compressed oops)
# Failed to write core dump. Minidumps are not enabled by default on client versions of Windows
#

---------------  T H R E A D  ---------------

Current thread (0x000000001503a800):  JavaThread "C2 CompilerThread1" daemon [_thread_in_native, id=5432, stack(0x0000000016780000,0x0000000016880000)]

Stack: [0x0000000016780000,0x0000000016880000]
[error occurred during error reporting (printing stack bounds), id 0xc0000005]

Native frames: (J=compiled Java code, j=interpreted, Vv=VM code, C=native code)


Current CompileTask:
C2:   1456  954       4       com.sun.tools.javac.code.Types$19::visitClassType (10 bytes)


---------------  P R O C E S S  ---------------

Java Threads: ( => current thread )
  0x00000000169ea800 JavaThread "Service Thread" daemon [_thread_blocked, id=3780, stack(0x0000000016d80000,0x0000000016e80000)]
  0x000000001508d000 JavaThread "C1 CompilerThread2" daemon [_thread_blocked, id=7452, stack(0x0000000016880000,0x0000000016980000)]
=>0x000000001503a800 JavaThread "C2 CompilerThread1" daemon [_thread_in_native, id=5432, stack(0x0000000016780000,0x0000000016880000)]
  0x0000000015038800 JavaThread "C2 CompilerThread0" daemon [_thread_in_native, id=8268, stack(0x0000000016680000,0x0000000016780000)]
  0x0000000015083000 JavaThread "Attach Listener" daemon [_thread_blocked, id=10368, stack(0x0000000016580000,0x0000000016680000)]
  0x0000000015082800 JavaThread "Signal Dispatcher" daemon [_thread_blocked, id=13292, stack(0x0000000016480000,0x0000000016580000)]
  0x0000000002aab800 JavaThread "Finalizer" daemon [_thread_blocked, id=11136, stack(0x0000000016280000,0x0000000016380000)]
  0x0000000002aa0800 JavaThread "Reference Handler" daemon [_thread_blocked, id=8948, stack(0x0000000016180000,0x0000000016280000)]
  0x0000000000f6e000 JavaThread "main" [_thread_in_vm, id=9984, stack(0x00000000028b0000,0x00000000029b0000)]

Other Threads:
  0x0000000014ff7800 VMThread [stack: 0x0000000016080000,0x0000000016180000] [id=11428]
  0x0000000016a3d000 WatcherThread [stack: 0x0000000016e80000,0x0000000016f80000] [id=13000]

VM state:not at safepoint (normal execution)

VM Mutex/Monitor currently owned by a thread: None

Heap:
 PSYoungGen      total 6656K, used 3116K [0x00000000eb600000, 0x00000000ebd00000, 0x0000000100000000)
  eden space 6144K, 50% used [0x00000000eb600000,0x00000000eb90b3f0,0x00000000ebc00000)
  from space 512K, 0% used [0x00000000ebc80000,0x00000000ebc80000,0x00000000ebd00000)
  to   space 512K, 0% used [0x00000000ebc00000,0x00000000ebc00000,0x00000000ebc80000)
 ParOldGen       total 10240K, used 7607K [0x00000000c2200000, 0x00000000c2c00000, 0x00000000eb600000)
  object space 10240K, 74% used [0x00000000c2200000,0x00000000c296de78,0x00000000c2c00000)
 Metaspace       used 8568K, capacity 9022K, committed 9216K, reserved 1056768K
  class space    used 994K, capacity 1010K, committed 1024K, reserved 1048576K

Card table byte_map: [0x0000000011e70000,0x0000000012060000] byte_map_base: 0x000000001185f000

Marking Bits: (ParMarkBitMap*) 0x0000000053b5a6c0
 Begin Bits: [0x00000000125b0000, 0x0000000013528000)
 End Bits:   [0x0000000013528000, 0x00000000144a0000)

Polling page: 0x0000000000f10000

CodeCache: size=245760Kb used=3930Kb max_used=3930Kb free=241829Kb
 bounds [0x0000000002ab0000, 0x0000000002e90000, 0x0000000011ab0000]
 total_blobs=1258 nmethods=963 adapters=207
 compilation: enabled

Compilation events (10 events):
Event: 1.426 Thread 0x000000001508d000  957       3       com.sun.tools.javac.comp.Check::checkNonVoid (35 bytes)
Event: 1.427 Thread 0x000000001508d000 nmethod 957 0x0000000002e85c90 code [0x0000000002e85e80, 0x0000000002e86738]
Event: 1.429 Thread 0x000000001508d000  958       3       java.util.regex.Pattern$Ctype::isSatisfiedBy (24 bytes)
Event: 1.429 Thread 0x000000001508d000 nmethod 958 0x0000000002e86b90 code [0x0000000002e86d00, 0x0000000002e87090]
Event: 1.441 Thread 0x000000001508d000  959       3       java.util.regex.Pattern$BitClass::isSatisfiedBy (22 bytes)
Event: 1.442 Thread 0x000000001508d000 nmethod 959 0x0000000002e87210 code [0x0000000002e87380, 0x0000000002e87590]
Event: 1.442 Thread 0x000000001508d000  960       3       com.sun.tools.javac.util.Assert::checkNonNull (9 bytes)
Event: 1.443 Thread 0x000000001508d000 nmethod 960 0x0000000002e87690 code [0x0000000002e87800, 0x0000000002e87a88]
Event: 1.449 Thread 0x000000001508d000  961       3       java.util.WeakHashMap::get (77 bytes)
Event: 1.450 Thread 0x000000001508d000 nmethod 961 0x0000000002e87bd0 code [0x0000000002e87da0, 0x0000000002e88628]

GC Heap History (10 events):
Event: 0.767 GC heap before
{Heap before GC invocations=7 (full 1):
 PSYoungGen      total 6656K, used 6028K [0x00000000eb600000, 0x00000000ebd00000, 0x0000000100000000)
  eden space 6144K, 98% used [0x00000000eb600000,0x00000000ebbe3240,0x00000000ebc00000)
  from space 512K, 0% used [0x00000000ebc00000,0x00000000ebc00000,0x00000000ebc80000)
  to   space 512K, 0% used [0x00000000ebc80000,0x00000000ebc80000,0x00000000ebd00000)
 ParOldGen       total 10240K, used 4502K [0x00000000c2200000, 0x00000000c2c00000, 0x00000000eb600000)
  object space 10240K, 43% used [0x00000000c2200000,0x00000000c26658c0,0x00000000c2c00000)
 Metaspace       used 7433K, capacity 8244K, committed 8448K, reserved 1056768K
  class space    used 894K, capacity 944K, committed 1024K, reserved 1048576K
Event: 0.773 GC heap after
Heap after GC invocations=7 (full 1):
 PSYoungGen      total 6656K, used 505K [0x00000000eb600000, 0x00000000ebd00000, 0x0000000100000000)
  eden space 6144K, 0% used [0x00000000eb600000,0x00000000eb600000,0x00000000ebc00000)
  from space 512K, 98% used [0x00000000ebc80000,0x00000000ebcfe478,0x00000000ebd00000)
  to   space 512K, 0% used [0x00000000ebc00000,0x00000000ebc00000,0x00000000ebc80000)
 ParOldGen       total 10240K, used 7954K [0x00000000c2200000, 0x00000000c2c00000, 0x00000000eb600000)
  object space 10240K, 77% used [0x00000000c2200000,0x00000000c29c48c0,0x00000000c2c00000)
 Metaspace       used 7433K, capacity 8244K, committed 8448K, reserved 1056768K
  class space    used 894K, capacity 944K, committed 1024K, reserved 1048576K
}
Event: 0.773 GC heap before
{Heap before GC invocations=8 (full 2):
 PSYoungGen      total 6656K, used 505K [0x00000000eb600000, 0x00000000ebd00000, 0x0000000100000000)
  eden space 6144K, 0% used [0x00000000eb600000,0x00000000eb600000,0x00000000ebc00000)
  from space 512K, 98% used [0x00000000ebc80000,0x00000000ebcfe478,0x00000000ebd00000)
  to   space 512K, 0% used [0x00000000ebc00000,0x00000000ebc00000,0x00000000ebc80000)
 ParOldGen       total 10240K, used 7954K [0x00000000c2200000, 0x00000000c2c00000, 0x00000000eb600000)
  object space 10240K, 77% used [0x00000000c2200000,0x00000000c29c48c0,0x00000000c2c00000)
 Metaspace       used 7433K, capacity 8244K, committed 8448K, reserved 1056768K
  class space    used 894K, capacity 944K, committed 1024K, reserved 1048576K
Event: 0.807 GC heap after
Heap after GC invocations=8 (full 2):
 PSYoungGen      total 6656K, used 0K [0x00000000eb600000, 0x00000000ebd00000, 0x0000000100000000)
  eden space 6144K, 0% used [0x00000000eb600000,0x00000000eb600000,0x00000000ebc00000)
  from space 512K, 0% used [0x00000000ebc80000,0x00000000ebc80000,0x00000000ebd00000)
  to   space 512K, 0% used [0x00000000ebc00000,0x00000000ebc00000,0x00000000ebc80000)
 ParOldGen       total 10240K, used 6246K [0x00000000c2200000, 0x00000000c2c00000, 0x00000000eb600000)
  object space 10240K, 60% used [0x00000000c2200000,0x00000000c2819810,0x00000000c2c00000)
 Metaspace       used 7433K, capacity 8244K, committed 8448K, reserved 1056768K
  class space    used 894K, capacity 944K, committed 1024K, reserved 1048576K
}
Event: 0.895 GC heap before
{Heap before GC invocations=9 (full 2):
 PSYoungGen      total 6656K, used 6144K [0x00000000eb600000, 0x00000000ebd00000, 0x0000000100000000)
  eden space 6144K, 100% used [0x00000000eb600000,0x00000000ebc00000,0x00000000ebc00000)
  from space 512K, 0% used [0x00000000ebc80000,0x00000000ebc80000,0x00000000ebd00000)
  to   space 512K, 0% used [0x00000000ebc00000,0x00000000ebc00000,0x00000000ebc80000)
 ParOldGen       total 10240K, used 6246K [0x00000000c2200000, 0x00000000c2c00000, 0x00000000eb600000)
  object space 10240K, 60% used [0x00000000c2200000,0x00000000c2819810,0x00000000c2c00000)
 Metaspace       used 7604K, capacity 8372K, committed 8704K, reserved 1056768K
  class space    used 906K, capacity 944K, committed 1024K, reserved 1048576K
Event: 0.897 GC heap after
Heap after GC invocations=9 (full 2):
 PSYoungGen      total 6656K, used 512K [0x00000000eb600000, 0x00000000ebd00000, 0x0000000100000000)
  eden space 6144K, 0% used [0x00000000eb600000,0x00000000eb600000,0x00000000ebc00000)
  from space 512K, 100% used [0x00000000ebc00000,0x00000000ebc80000,0x00000000ebc80000)
  to   space 512K, 0% used [0x00000000ebc80000,0x00000000ebc80000,0x00000000ebd00000)
 ParOldGen       total 10240K, used 6539K [0x00000000c2200000, 0x00000000c2c00000, 0x00000000eb600000)
  object space 10240K, 63% used [0x00000000c2200000,0x00000000c2862de0,0x00000000c2c00000)
 Metaspace       used 7604K, capacity 8372K, committed 8704K, reserved 1056768K
  class space    used 906K, capacity 944K, committed 1024K, reserved 1048576K
}
Event: 1.044 GC heap before
{Heap before GC invocations=10 (full 2):
 PSYoungGen      total 6656K, used 6656K [0x00000000eb600000, 0x00000000ebd00000, 0x0000000100000000)
  eden space 6144K, 100% used [0x00000000eb600000,0x00000000ebc00000,0x00000000ebc00000)
  from space 512K, 100% used [0x00000000ebc00000,0x00000000ebc80000,0x00000000ebc80000)
  to   space 512K, 0% used [0x00000000ebc80000,0x00000000ebc80000,0x00000000ebd00000)
 ParOldGen       total 10240K, used 6539K [0x00000000c2200000, 0x00000000c2c00000, 0x00000000eb600000)
  object space 10240K, 63% used [0x00000000c2200000,0x00000000c2862de0,0x00000000c2c00000)
 Metaspace       used 7846K, capacity 8564K, committed 8704K, reserved 1056768K
  class space    used 928K, capacity 944K, committed 1024K, reserved 1048576K
Event: 1.047 GC heap after
Heap after GC invocations=10 (full 2):
 PSYoungGen      total 6656K, used 512K [0x00000000eb600000, 0x00000000ebd00000, 0x0000000100000000)
  eden space 6144K, 0% used [0x00000000eb600000,0x00000000eb600000,0x00000000ebc00000)
  from space 512K, 100% used [0x00000000ebc80000,0x00000000ebd00000,0x00000000ebd00000)
  to   space 512K, 0% used [0x00000000ebc00000,0x00000000ebc00000,0x00000000ebc80000)
 ParOldGen       total 10240K, used 7330K [0x00000000c2200000, 0x00000000c2c00000, 0x00000000eb600000)
  object space 10240K, 71% used [0x00000000c2200000,0x00000000c29289a0,0x00000000c2c00000)
 Metaspace       used 7846K, capacity 8564K, committed 8704K, reserved 1056768K
  class space    used 928K, capacity 944K, committed 1024K, reserved 1048576K
}
Event: 1.047 GC heap before
{Heap before GC invocations=11 (full 3):
 PSYoungGen      total 6656K, used 512K [0x00000000eb600000, 0x00000000ebd00000, 0x0000000100000000)
  eden space 6144K, 0% used [0x00000000eb600000,0x00000000eb600000,0x00000000ebc00000)
  from space 512K, 100% used [0x00000000ebc80000,0x00000000ebd00000,0x00000000ebd00000)
  to   space 512K, 0% used [0x00000000ebc00000,0x00000000ebc00000,0x00000000ebc80000)
 ParOldGen       total 10240K, used 7330K [0x00000000c2200000, 0x00000000c2c00000, 0x00000000eb600000)
  object space 10240K, 71% used [0x00000000c2200000,0x00000000c29289a0,0x00000000c2c00000)
 Metaspace       used 7846K, capacity 8564K, committed 8704K, reserved 1056768K
  class space    used 928K, capacity 944K, committed 1024K, reserved 1048576K
Event: 1.135 GC heap after
Heap after GC invocations=11 (full 3):
 PSYoungGen      total 6656K, used 0K [0x00000000eb600000, 0x00000000ebd00000, 0x0000000100000000)
  eden space 6144K, 0% used [0x00000000eb600000,0x00000000eb600000,0x00000000ebc00000)
  from space 512K, 0% used [0x00000000ebc80000,0x00000000ebc80000,0x00000000ebd00000)
  to   space 512K, 0% used [0x00000000ebc00000,0x00000000ebc00000,0x00000000ebc80000)
 ParOldGen       total 10240K, used 7607K [0x00000000c2200000, 0x00000000c2c00000, 0x00000000eb600000)
  object space 10240K, 74% used [0x00000000c2200000,0x00000000c296de78,0x00000000c2c00000)
 Metaspace       used 7846K, capacity 8564K, committed 8704K, reserved 1056768K
  class space    used 928K, capacity 944K, committed 1024K, reserved 1048576K
}

Deoptimization events (10 events):
Event: 0.534 Thread 0x0000000000f6e000 Uncommon trap: reason=class_check action=maybe_recompile pc=0x0000000002c4e2e8 method=sun.misc.URLClassPath.getLoader(I)Lsun/misc/URLClassPath$Loader; @ 94
Event: 0.562 Thread 0x0000000000f6e000 Uncommon trap: reason=unstable_if action=reinterpret pc=0x0000000002c6ea38 method=java.lang.String.<init>([CII)V @ 18
Event: 0.922 Thread 0x0000000000f6e000 Uncommon trap: reason=unstable_if action=reinterpret pc=0x0000000002cb61b0 method=com.sun.tools.javac.util.Name$Table.equals([BI[BII)Z @ 22
Event: 0.938 Thread 0x0000000000f6e000 Uncommon trap: reason=class_check action=maybe_recompile pc=0x0000000002d72558 method=com.sun.tools.javac.util.List.prependList(Lcom/sun/tools/javac/util/List;)Lcom/sun/tools/javac/util/List; @ 1
Event: 0.963 Thread 0x0000000000f6e000 Uncommon trap: reason=unstable_if action=reinterpret pc=0x0000000002d748a8 method=com.sun.tools.javac.code.Scope.getIndex(Lcom/sun/tools/javac/util/Name;)I @ 60
Event: 1.015 Thread 0x0000000000f6e000 Uncommon trap: reason=class_check action=maybe_recompile pc=0x0000000002d72558 method=com.sun.tools.javac.util.List.prependList(Lcom/sun/tools/javac/util/List;)Lcom/sun/tools/javac/util/List; @ 1
Event: 1.015 Thread 0x0000000000f6e000 Uncommon trap: reason=class_check action=maybe_recompile pc=0x0000000002d72558 method=com.sun.tools.javac.util.List.prependList(Lcom/sun/tools/javac/util/List;)Lcom/sun/tools/javac/util/List; @ 1
Event: 1.015 Thread 0x0000000000f6e000 Uncommon trap: reason=class_check action=maybe_recompile pc=0x0000000002d72558 method=com.sun.tools.javac.util.List.prependList(Lcom/sun/tools/javac/util/List;)Lcom/sun/tools/javac/util/List; @ 1
Event: 1.168 Thread 0x0000000000f6e000 Uncommon trap: reason=unstable_if action=reinterpret pc=0x0000000002c5c464 method=sun.misc.MetaIndex.mayContain(Ljava/lang/String;)Z @ 38
Event: 1.169 Thread 0x0000000000f6e000 Uncommon trap: reason=unstable_if action=reinterpret pc=0x0000000002c2ae38 method=sun.misc.MetaIndex.mayContain(Ljava/lang/String;)Z @ 38

Internal exceptions (10 events):
Event: 0.037 Thread 0x0000000000f6e000 Exception <a 'java/lang/NoSuchMethodError': Method sun.misc.Unsafe.defineClass(Ljava/lang/String;[BII)Ljava/lang/Class; name or signature does not match> (0x00000000eb607cd8) thrown at [C:\re\workspace\8-2-build-windows-amd64-cygwin\jdk8u102\7268\hotspot\sœMìFÄ9£?
Event: 0.038 Thread 0x0000000000f6e000 Exception <a 'java/lang/NoSuchMethodError': Method sun.misc.Unsafe.prefetchRead(Ljava/lang/Object;J)V name or signature does not match> (0x00000000eb607fc0) thrown at [C:\re\workspace\8-2-build-windows-amd64-cygwin\jdk8u102\7268\hotspot\src\share\vm\prims\w1Ít¯“Ç?
Event: 0.184 Thread 0x0000000000f6e000 Exception <a 'java/security/PrivilegedActionException'> (0x00000000eb77d0b8) thrown at [C:\re\workspace\8-2-build-windows-amd64-cygwin\jdk8u102\7268\hotspot\src\share\vm\prims\jvm.cpp, line 1386]
Event: 0.184 Thread 0x0000000000f6e000 Exception <a 'java/security/PrivilegedActionException'> (0x00000000eb77d4b0) thrown at [C:\re\workspace\8-2-build-windows-amd64-cygwin\jdk8u102\7268\hotspot\src\share\vm\prims\jvm.cpp, line 1386]
Event: 0.188 Thread 0x0000000000f6e000 Exception <a 'java/security/PrivilegedActionException'> (0x00000000eb601590) thrown at [C:\re\workspace\8-2-build-windows-amd64-cygwin\jdk8u102\7268\hotspot\src\share\vm\prims\jvm.cpp, line 1386]
Event: 0.188 Thread 0x0000000000f6e000 Exception <a 'java/security/PrivilegedActionException'> (0x00000000eb601988) thrown at [C:\re\workspace\8-2-build-windows-amd64-cygwin\jdk8u102\7268\hotspot\src\share\vm\prims\jvm.cpp, line 1386]
Event: 0.193 Thread 0x0000000000f6e000 Exception <a 'java/security/PrivilegedActionException'> (0x00000000eb636bd8) thrown at [C:\re\workspace\8-2-build-windows-amd64-cygwin\jdk8u102\7268\hotspot\src\share\vm\prims\jvm.cpp, line 1386]
Event: 0.193 Thread 0x0000000000f6e000 Exception <a 'java/security/PrivilegedActionException'> (0x00000000eb636fd0) thrown at [C:\re\workspace\8-2-build-windows-amd64-cygwin\jdk8u102\7268\hotspot\src\share\vm\prims\jvm.cpp, line 1386]
Event: 0.716 Thread 0x0000000000f6e000 Exception <a 'java/io/FileNotFoundException'> (0x00000000eb7f2888) thrown at [C:\re\workspace\8-2-build-windows-amd64-cygwin\jdk8u102\7268\hotspot\src\share\vm\prims\jni.cpp, line 709]
Event: 0.723 Thread 0x0000000000f6e000 Exception <a 'java/io/FileNotFoundException'> (0x00000000eb848e30) thrown at [C:\re\workspace\8-2-build-windows-amd64-cygwin\jdk8u102\7268\hotspot\src\share\vm\prims\jni.cpp, line 709]

Events (10 events):
Event: 1.239 loading class com/sun/tools/javac/comp/Resolve$MostSpecificCheck
Event: 1.239 loading class com/sun/tools/javac/comp/Resolve$MostSpecificCheck done
Event: 1.240 loading class com/sun/tools/javac/comp/Resolve$MostSpecificCheck$MostSpecificCheckContext
Event: 1.240 loading class com/sun/tools/javac/comp/Resolve$MostSpecificCheck$MostSpecificCheckContext done
Event: 1.254 loading class java/util/HashMap$KeyIterator
Event: 1.254 loading class java/util/HashMap$KeyIterator done
Event: 1.279 loading class java/util/concurrent/Callable
Event: 1.279 loading class java/util/concurrent/Callable done
Event: 1.316 Executing VM operation: ForceSafepoint
Event: 1.316 Executing VM operation: ForceSafepoint done


Dynamic libraries:
0x00007ff7ddee0000 - 0x00007ff7ddee7000 	C:\Program Files\Java\jdk1.8.0_102\bin\javac.exe
0x00007fff5d6f0000 - 0x00007fff5d8e8000 	C:\WINDOWS\SYSTEM32\ntdll.dll
0x00007fff5c7a0000 - 0x00007fff5c85f000 	C:\WINDOWS\System32\KERNEL32.DLL
0x00007fff5b3b0000 - 0x00007fff5b682000 	C:\WINDOWS\System32\KERNELBASE.dll
0x0000000052e80000 - 0x0000000052eaf000 	C:\Program Files\Java\jdk1.8.0_102\bin\jli.dll
0x0000000052eb0000 - 0x0000000052f81000 	C:\Program Files\Java\jdk1.8.0_102\bin\MSVCR100.dll
0x00007fff5c390000 - 0x00007fff5c43e000 	C:\WINDOWS\System32\ADVAPI32.dll
0x00007fff5ca10000 - 0x00007fff5caae000 	C:\WINDOWS\System32\msvcrt.dll
0x00007fff5b8e0000 - 0x00007fff5b97c000 	C:\WINDOWS\System32\sechost.dll
0x00007fff5d4d0000 - 0x00007fff5d5f4000 	C:\WINDOWS\System32\RPCRT4.dll
0x00007fff5ce40000 - 0x00007fff5cfe1000 	C:\WINDOWS\System32\USER32.dll
0x00007fff5b6e0000 - 0x00007fff5b702000 	C:\WINDOWS\System32\win32u.dll
0x00007fff5ce10000 - 0x00007fff5ce3b000 	C:\WINDOWS\System32\GDI32.dll
0x00007fff49b00000 - 0x00007fff49d9a000 	C:\WINDOWS\WinSxS\amd64_microsoft.windows.common-controls_6595b64144ccf1df_6.0.19041.1110_none_60b5254171f9507e\COMCTL32.dll
0x00007fff5ae60000 - 0x00007fff5af6f000 	C:\WINDOWS\System32\gdi32full.dll
0x00007fff5b020000 - 0x00007fff5b0bd000 	C:\WINDOWS\System32\msvcp_win.dll
0x00007fff5b0c0000 - 0x00007fff5b1c0000 	C:\WINDOWS\System32\ucrtbase.dll
0x00007fff5b980000 - 0x00007fff5b9b0000 	C:\WINDOWS\System32\IMM32.DLL
0x0000000053be0000 - 0x0000000053cb1000 	C:\Program Files\Java\jdk1.8.0_102\jre\bin\msvcr100.dll
0x0000000053340000 - 0x0000000053bda000 	C:\Program Files\Java\jdk1.8.0_102\jre\bin\server\jvm.dll
0x00007fff5c440000 - 0x00007fff5c448000 	C:\WINDOWS\System32\PSAPI.DLL
0x00007fff585d0000 - 0x00007fff585d9000 	C:\WINDOWS\SYSTEM32\WSOCK32.dll
0x00007fff5c520000 - 0x00007fff5c58b000 	C:\WINDOWS\System32\WS2_32.dll
0x00007fff463f0000 - 0x00007fff46417000 	C:\WINDOWS\SYSTEM32\WINMM.dll
0x00007fff4ce40000 - 0x00007fff4ce4a000 	C:\WINDOWS\SYSTEM32\VERSION.dll
0x0000000053330000 - 0x000000005333f000 	C:\Program Files\Java\jdk1.8.0_102\jre\bin\verify.dll
0x0000000053300000 - 0x0000000053329000 	C:\Program Files\Java\jdk1.8.0_102\jre\bin\java.dll
0x00000000532e0000 - 0x00000000532f6000 	C:\Program Files\Java\jdk1.8.0_102\jre\bin\zip.dll
0x00007fff5ba40000 - 0x00007fff5c185000 	C:\WINDOWS\System32\SHELL32.dll
0x00007fff58eb0000 - 0x00007fff59642000 	C:\WINDOWS\SYSTEM32\windows.storage.dll
0x00007fff5cab0000 - 0x00007fff5ce05000 	C:\WINDOWS\System32\combase.dll
0x00007fff5a770000 - 0x00007fff5a7a0000 	C:\WINDOWS\SYSTEM32\Wldp.dll
0x00007fff5c450000 - 0x00007fff5c4fd000 	C:\WINDOWS\System32\SHCORE.dll
0x00007fff5b880000 - 0x00007fff5b8d5000 	C:\WINDOWS\System32\shlwapi.dll
0x00007fff5ad30000 - 0x00007fff5ad4f000 	C:\WINDOWS\SYSTEM32\profapi.dll

VM Arguments:
jvm_args: -Dapplication.home=C:\Program Files\Java\jdk1.8.0_102 -Xms8m 
java_command: com.sun.tools.javac.Main -d D:\netbean\giaodien\build\classes -classpath D:\netbean\giaodien\build\classes;C:\Users\ngong\Downloads\sqljdbc42 (1).jar;C:\Users\ngong\Downloads\BookStore-123code.vn -\BookStore\jcalendar-1.4\lib\jcalendar-1.4.jar;C:\Users\ngong\Downloads\BookStore-123code.vn -\BookStore\jcalendar-1.4\lib\jgoodies-common-1.2.0.jar;C:\Users\ngong\Downloads\BookStore-123code.vn -\BookStore\jcalendar-1.4\lib\jgoodies-looks-2.4.1.jar;C:\Users\ngong\Downloads\BookStore-123code.vn -\BookStore\jcalendar-1.4\lib\junit-4.6.jar;C:\Users\ngong\Downloads\BookStore-123code.vn -\BookStore\poi-bin-3.15-20160924\poi-3.15\poi-3.15.jar -sourcepath D:\netbean\giaodien\src -target 1.8 -encoding UTF-8 -g -processorpath C:\Users\ngong\Downloads\sqljdbc42 (1).jar;C:\Users\ngong\Downloads\BookStore-123code.vn -\BookStore\jcalendar-1.4\lib\jcalendar-1.4.jar;C:\Users\ngong\Downloads\BookStore-123code.vn -\BookStore\jcalendar-1.4\lib\jgoodies-common-1.2.0.jar;C:\Users\ngong\Downloads\BookStore-123code.vn -\BookStore\jcalendar-1.4\lib\jgoodies-looks-2.4.1.jar;C:\Users\ngong\Downloads\BookStore-123code.vn -\BookStore\jcalendar-1.4\lib\junit-4.6.jar;C:\Users\ngong\Downloads\BookStore-123code.vn -\BookStore\poi-bin-3.15-20160924\poi-3.15\poi-3.15.jar;D:\netbean\giaodien\build\empty -s D:\netbean\giaodien\build\generated-sources\ap-source-output -source 1.8 D:\netbean\giaodien\src\bookstore\GUI\frmHeThong.java
java_class_path (initial): C:\Program Files\Java\jdk1.8.0_102/lib/tools.jar;C:\Program Files\Java\jdk1.8.0_102/classes
Launcher Type: SUN_STANDARD

Environment Variables:
JAVA_HOME=C:\Program Files\Java\jdk-16
PATH=C:\Program Files\Common Files\Oracle\Java\javapath;C:\WINDOWS\system32;C:\WINDOWS;C:\WINDOWS\System32\Wbem;C:\WINDOWS\System32\WindowsPowerShell\v1.0\;C:\WINDOWS\System32\OpenSSH\;C:\Program Files\Java\jdk-16\bin;C:\Program Files (x86)\Microsoft SQL Server\160\Tools\Binn\;C:\Program Files\Microsoft SQL Server\160\Tools\Binn\;C:\Program Files\Microsoft SQL Server\Client SDK\ODBC\170\Tools\Binn\;C:\Program Files\Microsoft SQL Server\160\DTS\Binn\;C:\Program Files (x86)\Microsoft SQL Server\160\DTS\Binn\;C:\Program Files\Azure Data Studio\bin;C:\Users\ngong\AppData\Local\Microsoft\WindowsApps;;C:\Users\ngong\AppData\Local\Programs\Microsoft VS Code\bin;C:\Program Files\Azure Data Studio\bin
USERNAME=ngong
OS=Windows_NT
PROCESSOR_IDENTIFIER=Intel64 Family 6 Model 58 Stepping 9, GenuineIntel



---------------  S Y S T E M  ---------------

OS: Windows 10.0 , 64 bit Build 19041 (10.0.19041.2546)

CPU:total 4 (2 cores per cpu, 2 threads per core) family 6 model 58 stepping 9, cmov, cx8, fxsr, mmx, sse, sse2, sse3, ssse3, sse4.1, sse4.2, popcnt, avx, aes, clmul, erms, ht, tsc, tscinvbit, tscinv

Memory: 4k page, physical 4054508k(302888k free), swap 11094376k(5172k free)

vm_info: Java HotSpot(TM) 64-Bit Server VM (25.102-b14) for windows-amd64 JRE (1.8.0_102-b14), built on Jun 22 2016 13:15:21 by "java_re" with MS VC++ 10.0 (VS2010)

time: Tue Mar 28 14:18:03 2023
elapsed time: 1 seconds (0d 0h 0m 1s)

