#
# There is insufficient memory for the Java Runtime Environment to continue.
# Native memory allocation (malloc) failed to allocate 373616 bytes for Chunk::new
# Possible reasons:
#   The system is out of physical RAM or swap space
#   In 32 bit mode, the process size limit was hit
# Possible solutions:
#   Reduce memory load on the system
#   Increase physical memory or swap space
#   Check if swap backing store is full
#   Use 64 bit Java on a 64 bit OS
#   Decrease Java heap size (-Xmx/-Xms)
#   Decrease number of Java threads
#   Decrease Java thread stack sizes (-Xss)
#   Set larger code cache with -XX:ReservedCodeCacheSize=
# This output file may be truncated or incomplete.
#
#  Out of Memory Error (allocation.cpp:390), pid=13340, tid=0x0000000000003a0c
#
# JRE version: Java(TM) SE Runtime Environment (8.0_102-b14) (build 1.8.0_102-b14)
# Java VM: Java HotSpot(TM) 64-Bit Server VM (25.102-b14 mixed mode windows-amd64 compressed oops)
# Failed to write core dump. Minidumps are not enabled by default on client versions of Windows
#

---------------  T H R E A D  ---------------

Current thread (0x000000001571b000):  JavaThread "C2 CompilerThread1" daemon [_thread_in_native, id=14860, stack(0x0000000016e60000,0x0000000016f60000)]

Stack: [0x0000000016e60000,0x0000000016f60000]
[error occurred during error reporting (printing stack bounds), id 0xc0000005]

Native frames: (J=compiled Java code, j=interpreted, Vv=VM code, C=native code)


Current CompileTask:
C2:   1571 1194       4       com.sun.tools.javac.code.Symbol$TypeSymbol::precedes (132 bytes)


---------------  P R O C E S S  ---------------

Java Threads: ( => current thread )
  0x0000000016fd6000 JavaThread "Service Thread" daemon [_thread_blocked, id=13732, stack(0x0000000017460000,0x0000000017560000)]
  0x000000001571e000 JavaThread "C1 CompilerThread2" daemon [_thread_in_native, id=8836, stack(0x0000000017360000,0x0000000017460000)]
=>0x000000001571b000 JavaThread "C2 CompilerThread1" daemon [_thread_in_native, id=14860, stack(0x0000000016e60000,0x0000000016f60000)]
  0x0000000015719000 JavaThread "C2 CompilerThread0" daemon [_thread_in_native, id=6240, stack(0x0000000016d60000,0x0000000016e60000)]
  0x0000000015716000 JavaThread "Attach Listener" daemon [_thread_blocked, id=4500, stack(0x0000000016c60000,0x0000000016d60000)]
  0x0000000015707800 JavaThread "Signal Dispatcher" daemon [_thread_blocked, id=11560, stack(0x0000000016b60000,0x0000000016c60000)]
  0x000000000318b800 JavaThread "Finalizer" daemon [_thread_blocked, id=216, stack(0x0000000016960000,0x0000000016a60000)]
  0x0000000003180800 JavaThread "Reference Handler" daemon [_thread_blocked, id=14304, stack(0x0000000016860000,0x0000000016960000)]
  0x0000000003092800 JavaThread "main" [_thread_in_Java, id=3236, stack(0x0000000002f90000,0x0000000003090000)]

Other Threads:
  0x00000000156d7800 VMThread [stack: 0x0000000016760000,0x0000000016860000] [id=12556]
  0x000000001702e800 WatcherThread [stack: 0x0000000017560000,0x0000000017660000] [id=10528]

VM state:not at safepoint (normal execution)

VM Mutex/Monitor currently owned by a thread: None

Heap:
 PSYoungGen      total 14336K, used 8594K [0x00000000eb600000, 0x00000000ecd00000, 0x0000000100000000)
  eden space 9216K, 37% used [0x00000000eb600000,0x00000000eb96b580,0x00000000ebf00000)
  from space 5120K, 99% used [0x00000000ec800000,0x00000000eccf94b8,0x00000000ecd00000)
  to   space 4608K, 0% used [0x00000000ebf00000,0x00000000ebf00000,0x00000000ec380000)
 ParOldGen       total 9216K, used 6506K [0x00000000c2200000, 0x00000000c2b00000, 0x00000000eb600000)
  object space 9216K, 70% used [0x00000000c2200000,0x00000000c285a9b0,0x00000000c2b00000)
 Metaspace       used 8915K, capacity 9310K, committed 9600K, reserved 1058816K
  class space    used 1034K, capacity 1042K, committed 1152K, reserved 1048576K

Card table byte_map: [0x0000000012550000,0x0000000012740000] byte_map_base: 0x0000000011f3f000

Marking Bits: (ParMarkBitMap*) 0x0000000053b5a6c0
 Begin Bits: [0x0000000012c90000, 0x0000000013c08000)
 End Bits:   [0x0000000013c08000, 0x0000000014b80000)

Polling page: 0x0000000002d30000

CodeCache: size=245760Kb used=4790Kb max_used=4790Kb free=240969Kb
 bounds [0x0000000003190000, 0x0000000003650000, 0x0000000012190000]
 total_blobs=1532 nmethods=1236 adapters=208
 compilation: enabled

Compilation events (10 events):
Event: 1.566 Thread 0x000000001571e000 1231       3       java.lang.Character::codePointAt (51 bytes)
Event: 1.567 Thread 0x000000001571e000 nmethod 1231 0x000000000363ed90 code [0x000000000363ef40, 0x000000000363f5e8]
Event: 1.567 Thread 0x000000001571e000 1240       3       com.sun.tools.javac.comp.Resolve$InterfaceLookupPhase$1::update (19 bytes)
Event: 1.567 Thread 0x000000001571e000 nmethod 1240 0x000000000363f790 code [0x000000000363f900, 0x000000000363fb88]
Event: 1.567 Thread 0x000000001571e000 1232       3       java.util.regex.Pattern$1::isSatisfiedBy (13 bytes)
Event: 1.567 Thread 0x000000001571e000 nmethod 1232 0x000000000363fc50 code [0x000000000363fdc0, 0x0000000003640070]
Event: 1.567 Thread 0x000000001571e000 1233       3       java.text.DecimalFormatSymbols::getInstance (37 bytes)
Event: 1.568 Thread 0x000000001571e000 nmethod 1233 0x0000000003640150 code [0x0000000003640300, 0x0000000003640828]
Event: 1.568 Thread 0x000000001571e000 1236       3       com.sun.tools.javac.code.Type$ForAll::isErroneous (8 bytes)
Event: 1.568 Thread 0x000000001571e000 nmethod 1236 0x0000000003640a10 code [0x0000000003640b80, 0x0000000003640da8]

GC Heap History (10 events):
Event: 0.774 GC heap before
{Heap before GC invocations=5 (full 0):
 PSYoungGen      total 6656K, used 6656K [0x00000000eb600000, 0x00000000ebd00000, 0x0000000100000000)
  eden space 6144K, 100% used [0x00000000eb600000,0x00000000ebc00000,0x00000000ebc00000)
  from space 512K, 100% used [0x00000000ebc80000,0x00000000ebd00000,0x00000000ebd00000)
  to   space 512K, 0% used [0x00000000ebc00000,0x00000000ebc00000,0x00000000ebc80000)
 ParOldGen       total 5632K, used 980K [0x00000000c2200000, 0x00000000c2780000, 0x00000000eb600000)
  object space 5632K, 17% used [0x00000000c2200000,0x00000000c22f5080,0x00000000c2780000)
 Metaspace       used 7459K, capacity 8308K, committed 8448K, reserved 1056768K
  class space    used 898K, capacity 944K, committed 1024K, reserved 1048576K
Event: 0.781 GC heap after
Heap after GC invocations=5 (full 0):
 PSYoungGen      total 6656K, used 487K [0x00000000eb600000, 0x00000000ec800000, 0x0000000100000000)
  eden space 6144K, 0% used [0x00000000eb600000,0x00000000eb600000,0x00000000ebc00000)
  from space 512K, 95% used [0x00000000ebc00000,0x00000000ebc79f00,0x00000000ebc80000)
  to   space 3072K, 0% used [0x00000000ec500000,0x00000000ec500000,0x00000000ec800000)
 ParOldGen       total 5632K, used 3972K [0x00000000c2200000, 0x00000000c2780000, 0x00000000eb600000)
  object space 5632K, 70% used [0x00000000c2200000,0x00000000c25e12a0,0x00000000c2780000)
 Metaspace       used 7459K, capacity 8308K, committed 8448K, reserved 1056768K
  class space    used 898K, capacity 944K, committed 1024K, reserved 1048576K
}
Event: 0.782 GC heap before
{Heap before GC invocations=6 (full 1):
 PSYoungGen      total 6656K, used 487K [0x00000000eb600000, 0x00000000ec800000, 0x0000000100000000)
  eden space 6144K, 0% used [0x00000000eb600000,0x00000000eb600000,0x00000000ebc00000)
  from space 512K, 95% used [0x00000000ebc00000,0x00000000ebc79f00,0x00000000ebc80000)
  to   space 3072K, 0% used [0x00000000ec500000,0x00000000ec500000,0x00000000ec800000)
 ParOldGen       total 5632K, used 3972K [0x00000000c2200000, 0x00000000c2780000, 0x00000000eb600000)
  object space 5632K, 70% used [0x00000000c2200000,0x00000000c25e12a0,0x00000000c2780000)
 Metaspace       used 7459K, capacity 8308K, committed 8448K, reserved 1056768K
  class space    used 898K, capacity 944K, committed 1024K, reserved 1048576K
Event: 0.815 GC heap after
Heap after GC invocations=6 (full 1):
 PSYoungGen      total 6656K, used 0K [0x00000000eb600000, 0x00000000ec800000, 0x0000000100000000)
  eden space 6144K, 0% used [0x00000000eb600000,0x00000000eb600000,0x00000000ebc00000)
  from space 512K, 0% used [0x00000000ebc00000,0x00000000ebc00000,0x00000000ebc80000)
  to   space 3072K, 0% used [0x00000000ec500000,0x00000000ec500000,0x00000000ec800000)
 ParOldGen       total 9216K, used 4321K [0x00000000c2200000, 0x00000000c2b00000, 0x00000000eb600000)
  object space 9216K, 46% used [0x00000000c2200000,0x00000000c2638418,0x00000000c2b00000)
 Metaspace       used 7459K, capacity 8308K, committed 8448K, reserved 1056768K
  class space    used 898K, capacity 944K, committed 1024K, reserved 1048576K
}
Event: 0.942 GC heap before
{Heap before GC invocations=7 (full 1):
 PSYoungGen      total 6656K, used 6144K [0x00000000eb600000, 0x00000000ec800000, 0x0000000100000000)
  eden space 6144K, 100% used [0x00000000eb600000,0x00000000ebc00000,0x00000000ebc00000)
  from space 512K, 0% used [0x00000000ebc00000,0x00000000ebc00000,0x00000000ebc80000)
  to   space 3072K, 0% used [0x00000000ec500000,0x00000000ec500000,0x00000000ec800000)
 ParOldGen       total 9216K, used 4321K [0x00000000c2200000, 0x00000000c2b00000, 0x00000000eb600000)
  object space 9216K, 46% used [0x00000000c2200000,0x00000000c2638418,0x00000000c2b00000)
 Metaspace       used 7480K, capacity 8308K, committed 8448K, reserved 1056768K
  class space    used 899K, capacity 944K, committed 1024K, reserved 1048576K
Event: 0.951 GC heap after
Heap after GC invocations=7 (full 1):
 PSYoungGen      total 12288K, used 3063K [0x00000000eb600000, 0x00000000ec800000, 0x0000000100000000)
  eden space 9216K, 0% used [0x00000000eb600000,0x00000000eb600000,0x00000000ebf00000)
  from space 3072K, 99% used [0x00000000ec500000,0x00000000ec7fddd8,0x00000000ec800000)
  to   space 4608K, 0% used [0x00000000ebf00000,0x00000000ebf00000,0x00000000ec380000)
 ParOldGen       total 9216K, used 5386K [0x00000000c2200000, 0x00000000c2b00000, 0x00000000eb600000)
  object space 9216K, 58% used [0x00000000c2200000,0x00000000c27429b0,0x00000000c2b00000)
 Metaspace       used 7480K, capacity 8308K, committed 8448K, reserved 1056768K
  class space    used 899K, capacity 944K, committed 1024K, reserved 1048576K
}
Event: 1.130 GC heap before
{Heap before GC invocations=8 (full 1):
 PSYoungGen      total 12288K, used 12279K [0x00000000eb600000, 0x00000000ec800000, 0x0000000100000000)
  eden space 9216K, 100% used [0x00000000eb600000,0x00000000ebf00000,0x00000000ebf00000)
  from space 3072K, 99% used [0x00000000ec500000,0x00000000ec7fddd8,0x00000000ec800000)
  to   space 4608K, 0% used [0x00000000ebf00000,0x00000000ebf00000,0x00000000ec380000)
 ParOldGen       total 9216K, used 5386K [0x00000000c2200000, 0x00000000c2b00000, 0x00000000eb600000)
  object space 9216K, 58% used [0x00000000c2200000,0x00000000c27429b0,0x00000000c2b00000)
 Metaspace       used 7699K, capacity 8436K, committed 8704K, reserved 1056768K
  class space    used 911K, capacity 944K, committed 1024K, reserved 1048576K
Event: 1.136 GC heap after
Heap after GC invocations=8 (full 1):
 PSYoungGen      total 13824K, used 4119K [0x00000000eb600000, 0x00000000ecd00000, 0x0000000100000000)
  eden space 9216K, 0% used [0x00000000eb600000,0x00000000eb600000,0x00000000ebf00000)
  from space 4608K, 89% used [0x00000000ebf00000,0x00000000ec305dd8,0x00000000ec380000)
  to   space 5120K, 0% used [0x00000000ec800000,0x00000000ec800000,0x00000000ecd00000)
 ParOldGen       total 9216K, used 5394K [0x00000000c2200000, 0x00000000c2b00000, 0x00000000eb600000)
  object space 9216K, 58% used [0x00000000c2200000,0x00000000c27449b0,0x00000000c2b00000)
 Metaspace       used 7699K, capacity 8436K, committed 8704K, reserved 1056768K
  class space    used 911K, capacity 944K, committed 1024K, reserved 1048576K
}
Event: 1.449 GC heap before
{Heap before GC invocations=9 (full 1):
 PSYoungGen      total 13824K, used 13335K [0x00000000eb600000, 0x00000000ecd00000, 0x0000000100000000)
  eden space 9216K, 100% used [0x00000000eb600000,0x00000000ebf00000,0x00000000ebf00000)
  from space 4608K, 89% used [0x00000000ebf00000,0x00000000ec305dd8,0x00000000ec380000)
  to   space 5120K, 0% used [0x00000000ec800000,0x00000000ec800000,0x00000000ecd00000)
 ParOldGen       total 9216K, used 5394K [0x00000000c2200000, 0x00000000c2b00000, 0x00000000eb600000)
  object space 9216K, 58% used [0x00000000c2200000,0x00000000c27449b0,0x00000000c2b00000)
 Metaspace       used 8805K, capacity 9246K, committed 9600K, reserved 1058816K
  class space    used 1033K, capacity 1042K, committed 1152K, reserved 1048576K
Event: 1.457 GC heap after
Heap after GC invocations=9 (full 1):
 PSYoungGen      total 14336K, used 5093K [0x00000000eb600000, 0x00000000ecd00000, 0x0000000100000000)
  eden space 9216K, 0% used [0x00000000eb600000,0x00000000eb600000,0x00000000ebf00000)
  from space 5120K, 99% used [0x00000000ec800000,0x00000000eccf94b8,0x00000000ecd00000)
  to   space 4608K, 0% used [0x00000000ebf00000,0x00000000ebf00000,0x00000000ec380000)
 ParOldGen       total 9216K, used 6506K [0x00000000c2200000, 0x00000000c2b00000, 0x00000000eb600000)
  object space 9216K, 70% used [0x00000000c2200000,0x00000000c285a9b0,0x00000000c2b00000)
 Metaspace       used 8805K, capacity 9246K, committed 9600K, reserved 1058816K
  class space    used 1033K, capacity 1042K, committed 1152K, reserved 1048576K
}

Deoptimization events (10 events):
Event: 1.093 Thread 0x0000000003092800 Uncommon trap: reason=unstable_if action=reinterpret pc=0x000000000339c370 method=com.sun.tools.javac.util.Name$Table.equals([BI[BII)Z @ 22
Event: 1.166 Thread 0x0000000003092800 Uncommon trap: reason=class_check action=maybe_recompile pc=0x0000000003496558 method=com.sun.tools.javac.util.List.prependList(Lcom/sun/tools/javac/util/List;)Lcom/sun/tools/javac/util/List; @ 1
Event: 1.170 Thread 0x0000000003092800 Uncommon trap: reason=unstable_if action=reinterpret pc=0x0000000003495868 method=com.sun.tools.javac.code.Scope.getIndex(Lcom/sun/tools/javac/util/Name;)I @ 60
Event: 1.175 Thread 0x0000000003092800 Uncommon trap: reason=unstable_if action=reinterpret pc=0x00000000034b42c4 method=com.sun.tools.javac.util.ArrayUtils.ensureCapacity([BI)[B @ 3
Event: 1.209 Thread 0x0000000003092800 Uncommon trap: reason=class_check action=maybe_recompile pc=0x0000000003496558 method=com.sun.tools.javac.util.List.prependList(Lcom/sun/tools/javac/util/List;)Lcom/sun/tools/javac/util/List; @ 1
Event: 1.209 Thread 0x0000000003092800 Uncommon trap: reason=class_check action=maybe_recompile pc=0x0000000003496558 method=com.sun.tools.javac.util.List.prependList(Lcom/sun/tools/javac/util/List;)Lcom/sun/tools/javac/util/List; @ 1
Event: 1.209 Thread 0x0000000003092800 Uncommon trap: reason=class_check action=maybe_recompile pc=0x0000000003496558 method=com.sun.tools.javac.util.List.prependList(Lcom/sun/tools/javac/util/List;)Lcom/sun/tools/javac/util/List; @ 1
Event: 1.248 Thread 0x0000000003092800 Uncommon trap: reason=unstable_if action=reinterpret pc=0x0000000003337d24 method=sun.misc.MetaIndex.mayContain(Ljava/lang/String;)Z @ 38
Event: 1.248 Thread 0x0000000003092800 Uncommon trap: reason=unstable_if action=reinterpret pc=0x000000000330b1b8 method=sun.misc.MetaIndex.mayContain(Ljava/lang/String;)Z @ 38
Event: 1.440 Thread 0x0000000003092800 Uncommon trap: reason=class_check action=maybe_recompile pc=0x000000000357f5d0 method=com.sun.tools.javac.code.Type$ClassType.allparams()Lcom/sun/tools/javac/util/List; @ 16

Internal exceptions (10 events):
Event: 0.050 Thread 0x0000000003092800 Exception <a 'java/lang/NoSuchMethodError': Method sun.misc.Unsafe.defineClass(Ljava/lang/String;[BII)Ljava/lang/Class; name or signature does not match> (0x00000000eb607cd8) thrown at [C:\re\workspace\8-2-build-windows-amd64-cygwin\jdk8u102\7268\hotspot\s7ûïê©?
Event: 0.050 Thread 0x0000000003092800 Exception <a 'java/lang/NoSuchMethodError': Method sun.misc.Unsafe.prefetchRead(Ljava/lang/Object;J)V name or signature does not match> (0x00000000eb607fc0) thrown at [C:\re\workspace\8-2-build-windows-amd64-cygwin\jdk8u102\7268\hotspot\src\share\vm\prims\ù˙õ´AÛ…?
Event: 0.203 Thread 0x0000000003092800 Exception <a 'java/security/PrivilegedActionException'> (0x00000000eb77cfa0) thrown at [C:\re\workspace\8-2-build-windows-amd64-cygwin\jdk8u102\7268\hotspot\src\share\vm\prims\jvm.cpp, line 1386]
Event: 0.203 Thread 0x0000000003092800 Exception <a 'java/security/PrivilegedActionException'> (0x00000000eb77d398) thrown at [C:\re\workspace\8-2-build-windows-amd64-cygwin\jdk8u102\7268\hotspot\src\share\vm\prims\jvm.cpp, line 1386]
Event: 0.208 Thread 0x0000000003092800 Exception <a 'java/security/PrivilegedActionException'> (0x00000000eb6014e0) thrown at [C:\re\workspace\8-2-build-windows-amd64-cygwin\jdk8u102\7268\hotspot\src\share\vm\prims\jvm.cpp, line 1386]
Event: 0.208 Thread 0x0000000003092800 Exception <a 'java/security/PrivilegedActionException'> (0x00000000eb6018d8) thrown at [C:\re\workspace\8-2-build-windows-amd64-cygwin\jdk8u102\7268\hotspot\src\share\vm\prims\jvm.cpp, line 1386]
Event: 0.213 Thread 0x0000000003092800 Exception <a 'java/security/PrivilegedActionException'> (0x00000000eb636b10) thrown at [C:\re\workspace\8-2-build-windows-amd64-cygwin\jdk8u102\7268\hotspot\src\share\vm\prims\jvm.cpp, line 1386]
Event: 0.213 Thread 0x0000000003092800 Exception <a 'java/security/PrivilegedActionException'> (0x00000000eb636f08) thrown at [C:\re\workspace\8-2-build-windows-amd64-cygwin\jdk8u102\7268\hotspot\src\share\vm\prims\jvm.cpp, line 1386]
Event: 0.892 Thread 0x0000000003092800 Exception <a 'java/io/FileNotFoundException'> (0x00000000eb847298) thrown at [C:\re\workspace\8-2-build-windows-amd64-cygwin\jdk8u102\7268\hotspot\src\share\vm\prims\jni.cpp, line 709]
Event: 0.897 Thread 0x0000000003092800 Exception <a 'java/io/FileNotFoundException'> (0x00000000eb89d850) thrown at [C:\re\workspace\8-2-build-windows-amd64-cygwin\jdk8u102\7268\hotspot\src\share\vm\prims\jni.cpp, line 709]

Events (10 events):
Event: 1.422 loading class com/sun/tools/javac/comp/DeferredAttr$RecoveryDeferredTypeMap$1 done
Event: 1.440 Thread 0x0000000003092800 Uncommon trap: trap_request=0xffffffde fr.pc=0x000000000357f5d0
Event: 1.440 Thread 0x0000000003092800 DEOPT PACKING pc=0x000000000357f5d0 sp=0x000000000308dc50
Event: 1.440 Thread 0x0000000003092800 DEOPT UNPACKING pc=0x00000000031d582a sp=0x000000000308db90 mode 2
Event: 1.449 Executing VM operation: ParallelGCFailedAllocation
Event: 1.457 Executing VM operation: ParallelGCFailedAllocation done
Event: 1.516 loading class com/sun/tools/javac/comp/Resolve$MostSpecificCheck
Event: 1.516 loading class com/sun/tools/javac/comp/Resolve$MostSpecificCheck done
Event: 1.517 loading class com/sun/tools/javac/comp/Resolve$MostSpecificCheck$MostSpecificCheckContext
Event: 1.517 loading class com/sun/tools/javac/comp/Resolve$MostSpecificCheck$MostSpecificCheckContext done


Dynamic libraries:
0x00007ff7ddee0000 - 0x00007ff7ddee7000 	C:\Program Files\Java\jdk1.8.0_102\bin\javac.exe
0x00007fff5d6f0000 - 0x00007fff5d8e8000 	C:\WINDOWS\SYSTEM32\ntdll.dll
0x00007fff5c7a0000 - 0x00007fff5c85f000 	C:\WINDOWS\System32\KERNEL32.DLL
0x00007fff5b3b0000 - 0x00007fff5b682000 	C:\WINDOWS\System32\KERNELBASE.dll
0x0000000052f60000 - 0x0000000052f8f000 	C:\Program Files\Java\jdk1.8.0_102\bin\jli.dll
0x0000000052e80000 - 0x0000000052f51000 	C:\Program Files\Java\jdk1.8.0_102\bin\MSVCR100.dll
0x00007fff5c390000 - 0x00007fff5c43e000 	C:\WINDOWS\System32\ADVAPI32.dll
0x00007fff5ca10000 - 0x00007fff5caae000 	C:\WINDOWS\System32\msvcrt.dll
0x00007fff5b8e0000 - 0x00007fff5b97c000 	C:\WINDOWS\System32\sechost.dll
0x00007fff5d4d0000 - 0x00007fff5d5f4000 	C:\WINDOWS\System32\RPCRT4.dll
0x00007fff5ce40000 - 0x00007fff5cfe1000 	C:\WINDOWS\System32\USER32.dll
0x00007fff5b6e0000 - 0x00007fff5b702000 	C:\WINDOWS\System32\win32u.dll
0x00007fff49b00000 - 0x00007fff49d9a000 	C:\WINDOWS\WinSxS\amd64_microsoft.windows.common-controls_6595b64144ccf1df_6.0.19041.1110_none_60b5254171f9507e\COMCTL32.dll
0x00007fff5ce10000 - 0x00007fff5ce3b000 	C:\WINDOWS\System32\GDI32.dll
0x00007fff5ae60000 - 0x00007fff5af6f000 	C:\WINDOWS\System32\gdi32full.dll
0x00007fff5b020000 - 0x00007fff5b0bd000 	C:\WINDOWS\System32\msvcp_win.dll
0x00007fff5b0c0000 - 0x00007fff5b1c0000 	C:\WINDOWS\System32\ucrtbase.dll
0x00007fff5b980000 - 0x00007fff5b9b0000 	C:\WINDOWS\System32\IMM32.DLL
0x0000000053be0000 - 0x0000000053cb1000 	C:\Program Files\Java\jdk1.8.0_102\jre\bin\msvcr100.dll
0x0000000053340000 - 0x0000000053bda000 	C:\Program Files\Java\jdk1.8.0_102\jre\bin\server\jvm.dll
0x00007fff5c440000 - 0x00007fff5c448000 	C:\WINDOWS\System32\PSAPI.DLL
0x00007fff585d0000 - 0x00007fff585d9000 	C:\WINDOWS\SYSTEM32\WSOCK32.dll
0x00007fff5c520000 - 0x00007fff5c58b000 	C:\WINDOWS\System32\WS2_32.dll
0x00007fff463f0000 - 0x00007fff46417000 	C:\WINDOWS\SYSTEM32\WINMM.dll
0x00007fff4ce40000 - 0x00007fff4ce4a000 	C:\WINDOWS\SYSTEM32\VERSION.dll
0x0000000053330000 - 0x000000005333f000 	C:\Program Files\Java\jdk1.8.0_102\jre\bin\verify.dll
0x0000000053300000 - 0x0000000053329000 	C:\Program Files\Java\jdk1.8.0_102\jre\bin\java.dll
0x00000000532e0000 - 0x00000000532f6000 	C:\Program Files\Java\jdk1.8.0_102\jre\bin\zip.dll
0x00007fff5ba40000 - 0x00007fff5c185000 	C:\WINDOWS\System32\SHELL32.dll
0x00007fff58eb0000 - 0x00007fff59642000 	C:\WINDOWS\SYSTEM32\windows.storage.dll
0x00007fff5cab0000 - 0x00007fff5ce05000 	C:\WINDOWS\System32\combase.dll
0x00007fff5a770000 - 0x00007fff5a7a0000 	C:\WINDOWS\SYSTEM32\Wldp.dll
0x00007fff5c450000 - 0x00007fff5c4fd000 	C:\WINDOWS\System32\SHCORE.dll
0x00007fff5b880000 - 0x00007fff5b8d5000 	C:\WINDOWS\System32\shlwapi.dll
0x00007fff5ad30000 - 0x00007fff5ad4f000 	C:\WINDOWS\SYSTEM32\profapi.dll

VM Arguments:
jvm_args: -Dapplication.home=C:\Program Files\Java\jdk1.8.0_102 -Xms8m 
java_command: com.sun.tools.javac.Main -d D:\netbean\giaodien\build\classes -classpath D:\netbean\giaodien\build\classes;C:\Users\ngong\Downloads\sqljdbc42 (1).jar;C:\Users\ngong\Downloads\BookStore-123code.vn -\BookStore\jcalendar-1.4\lib\jcalendar-1.4.jar;C:\Users\ngong\Downloads\BookStore-123code.vn -\BookStore\jcalendar-1.4\lib\jgoodies-common-1.2.0.jar;C:\Users\ngong\Downloads\BookStore-123code.vn -\BookStore\jcalendar-1.4\lib\jgoodies-looks-2.4.1.jar;C:\Users\ngong\Downloads\BookStore-123code.vn -\BookStore\jcalendar-1.4\lib\junit-4.6.jar;C:\Users\ngong\Downloads\BookStore-123code.vn -\BookStore\poi-bin-3.15-20160924\poi-3.15\poi-3.15.jar -sourcepath D:\netbean\giaodien\src -target 1.8 -encoding UTF-8 -g -processorpath C:\Users\ngong\Downloads\sqljdbc42 (1).jar;C:\Users\ngong\Downloads\BookStore-123code.vn -\BookStore\jcalendar-1.4\lib\jcalendar-1.4.jar;C:\Users\ngong\Downloads\BookStore-123code.vn -\BookStore\jcalendar-1.4\lib\jgoodies-common-1.2.0.jar;C:\Users\ngong\Downloads\BookStore-123code.vn -\BookStore\jcalendar-1.4\lib\jgoodies-looks-2.4.1.jar;C:\Users\ngong\Downloads\BookStore-123code.vn -\BookStore\jcalendar-1.4\lib\junit-4.6.jar;C:\Users\ngong\Downloads\BookStore-123code.vn -\BookStore\poi-bin-3.15-20160924\poi-3.15\poi-3.15.jar;D:\netbean\giaodien\build\empty -s D:\netbean\giaodien\build\generated-sources\ap-source-output -source 1.8 D:\netbean\giaodien\src\bookstore\GUI\frmSach.java
java_class_path (initial): C:\Program Files\Java\jdk1.8.0_102/lib/tools.jar;C:\Program Files\Java\jdk1.8.0_102/classes
Launcher Type: SUN_STANDARD

Environment Variables:
JAVA_HOME=C:\Program Files\Java\jdk-16
PATH=C:\Program Files\Common Files\Oracle\Java\javapath;C:\WINDOWS\system32;C:\WINDOWS;C:\WINDOWS\System32\Wbem;C:\WINDOWS\System32\WindowsPowerShell\v1.0\;C:\WINDOWS\System32\OpenSSH\;C:\Program Files\Java\jdk-16\bin;C:\Program Files (x86)\Microsoft SQL Server\160\Tools\Binn\;C:\Program Files\Microsoft SQL Server\160\Tools\Binn\;C:\Program Files\Microsoft SQL Server\Client SDK\ODBC\170\Tools\Binn\;C:\Program Files\Microsoft SQL Server\160\DTS\Binn\;C:\Program Files (x86)\Microsoft SQL Server\160\DTS\Binn\;C:\Program Files\Azure Data Studio\bin;C:\Users\ngong\AppData\Local\Microsoft\WindowsApps;;C:\Users\ngong\AppData\Local\Programs\Microsoft VS Code\bin;C:\Program Files\Azure Data Studio\bin
USERNAME=ngong
OS=Windows_NT
PROCESSOR_IDENTIFIER=Intel64 Family 6 Model 58 Stepping 9, GenuineIntel



---------------  S Y S T E M  ---------------

OS: Windows 10.0 , 64 bit Build 19041 (10.0.19041.2546)

CPU:total 4 (2 cores per cpu, 2 threads per core) family 6 model 58 stepping 9, cmov, cx8, fxsr, mmx, sse, sse2, sse3, ssse3, sse4.1, sse4.2, popcnt, avx, aes, clmul, erms, ht, tsc, tscinvbit, tscinv

Memory: 4k page, physical 4054508k(360836k free), swap 11094376k(2572k free)

vm_info: Java HotSpot(TM) 64-Bit Server VM (25.102-b14) for windows-amd64 JRE (1.8.0_102-b14), built on Jun 22 2016 13:15:21 by "java_re" with MS VC++ 10.0 (VS2010)

time: Tue Mar 28 14:17:21 2023
elapsed time: 1 seconds (0d 0h 0m 1s)

