#
# There is insufficient memory for the Java Runtime Environment to continue.
# Native memory allocation (malloc) failed to allocate 32744 bytes for ChunkPool::allocate
# Possible reasons:
#   The system is out of physical RAM or swap space
#   In 32 bit mode, the process size limit was hit
# Possible solutions:
#   Reduce memory load on the system
#   Increase physical memory or swap space
#   Check if swap backing store is full
#   Use 64 bit Java on a 64 bit OS
#   Decrease Java heap size (-Xmx/-Xms)
#   Decrease number of Java threads
#   Decrease Java thread stack sizes (-Xss)
#   Set larger code cache with -XX:ReservedCodeCacheSize=
# This output file may be truncated or incomplete.
#
#  Out of Memory Error (allocation.cpp:273), pid=8288, tid=0x0000000000003304
#
# JRE version: Java(TM) SE Runtime Environment (8.0_102-b14) (build 1.8.0_102-b14)
# Java VM: Java HotSpot(TM) 64-Bit Server VM (25.102-b14 mixed mode windows-amd64 compressed oops)
# Failed to write core dump. Minidumps are not enabled by default on client versions of Windows
#

---------------  T H R E A D  ---------------

Current thread (0x000000001524b800):  JavaThread "C2 CompilerThread1" daemon [_thread_in_native, id=13060, stack(0x00000000169a0000,0x0000000016aa0000)]

Stack: [0x00000000169a0000,0x0000000016aa0000]
[error occurred during error reporting (printing stack bounds), id 0xc0000005]

Native frames: (J=compiled Java code, j=interpreted, Vv=VM code, C=native code)


Current CompileTask:
C2:   8042 1039       4       sun.reflect.ClassFileAssembler::emitByte (11 bytes)


---------------  P R O C E S S  ---------------

Java Threads: ( => current thread )
  0x0000000002bc0800 JavaThread "DestroyJavaVM" [_thread_blocked, id=14112, stack(0x0000000002ac0000,0x0000000002bc0000)]
  0x0000000016f96000 JavaThread "AWT-EventQueue-0" [_thread_in_Java, id=6880, stack(0x0000000018460000,0x0000000018560000)]
  0x0000000016f80800 JavaThread "AWT-Windows" daemon [_thread_in_native, id=13684, stack(0x0000000017ce0000,0x0000000017de0000)]
  0x0000000016f7d800 JavaThread "AWT-Shutdown" [_thread_blocked, id=10808, stack(0x0000000017be0000,0x0000000017ce0000)]
  0x0000000016f65000 JavaThread "Java2D Disposer" daemon [_thread_blocked, id=14188, stack(0x0000000017ae0000,0x0000000017be0000)]
  0x000000001529e800 JavaThread "Service Thread" daemon [_thread_blocked, id=6164, stack(0x0000000016fa0000,0x00000000170a0000)]
  0x0000000015296000 JavaThread "C1 CompilerThread2" daemon [_thread_blocked, id=13320, stack(0x0000000016aa0000,0x0000000016ba0000)]
=>0x000000001524b800 JavaThread "C2 CompilerThread1" daemon [_thread_in_native, id=13060, stack(0x00000000169a0000,0x0000000016aa0000)]
  0x0000000015249000 JavaThread "C2 CompilerThread0" daemon [_thread_in_native, id=12836, stack(0x00000000168a0000,0x00000000169a0000)]
  0x0000000015247000 JavaThread "Attach Listener" daemon [_thread_blocked, id=14060, stack(0x00000000167a0000,0x00000000168a0000)]
  0x0000000015292800 JavaThread "Signal Dispatcher" daemon [_thread_blocked, id=6008, stack(0x00000000166a0000,0x00000000167a0000)]
  0x0000000002cba800 JavaThread "Finalizer" daemon [_thread_blocked, id=2452, stack(0x00000000164a0000,0x00000000165a0000)]
  0x0000000002caf800 JavaThread "Reference Handler" daemon [_thread_blocked, id=224, stack(0x00000000163a0000,0x00000000164a0000)]

Other Threads:
  0x0000000015208000 VMThread [stack: 0x00000000162a0000,0x00000000163a0000] [id=10580]
  0x0000000016c54800 WatcherThread [stack: 0x00000000170a0000,0x00000000171a0000] [id=14140]

VM state:not at safepoint (normal execution)

VM Mutex/Monitor currently owned by a thread: None

Heap:
 PSYoungGen      total 18432K, used 3297K [0x00000000eb600000, 0x00000000eca80000, 0x0000000100000000)
  eden space 15872K, 4% used [0x00000000eb600000,0x00000000eb6bc678,0x00000000ec580000)
  from space 2560K, 99% used [0x00000000ec580000,0x00000000ec7fc010,0x00000000ec800000)
  to   space 2560K, 0% used [0x00000000ec800000,0x00000000ec800000,0x00000000eca80000)
 ParOldGen       total 42496K, used 2428K [0x00000000c2200000, 0x00000000c4b80000, 0x00000000eb600000)
  object space 42496K, 5% used [0x00000000c2200000,0x00000000c245f0e8,0x00000000c4b80000)
 Metaspace       used 16237K, capacity 16508K, committed 16768K, reserved 1064960K
  class space    used 2057K, capacity 2174K, committed 2176K, reserved 1048576K

Card table byte_map: [0x0000000012080000,0x0000000012270000] byte_map_base: 0x0000000011a6f000

Marking Bits: (ParMarkBitMap*) 0x0000000053b5a6c0
 Begin Bits: [0x00000000127c0000, 0x0000000013738000)
 End Bits:   [0x0000000013738000, 0x00000000146b0000)

Polling page: 0x0000000001010000

CodeCache: size=245760Kb used=3502Kb max_used=3502Kb free=242257Kb
 bounds [0x0000000002cc0000, 0x0000000003030000, 0x0000000011cc0000]
 total_blobs=1559 nmethods=1039 adapters=432
 compilation: enabled

Compilation events (10 events):
Event: 8.020 Thread 0x0000000015296000 1035  s    3       java.lang.Throwable::fillInStackTrace (29 bytes)
Event: 8.020 Thread 0x0000000015296000 nmethod 1035 0x0000000003029f50 code [0x000000000302a0c0, 0x000000000302a468]
Event: 8.038 Thread 0x0000000015296000 1037       3       java.util.jar.JarVerifier::update (43 bytes)
Event: 8.038 Thread 0x0000000015296000 nmethod 1037 0x000000000302a750 code [0x000000000302a8e0, 0x000000000302ac28]
Event: 8.039 Thread 0x0000000015296000 1038       3       java.lang.reflect.Constructor::<init> (50 bytes)
Event: 8.039 Thread 0x000000001524b800 1039       4       sun.reflect.ClassFileAssembler::emitByte (11 bytes)
Event: 8.039 Thread 0x0000000015296000 nmethod 1038 0x000000000302ad90 code [0x000000000302af00, 0x000000000302b210]
Event: 8.039 Thread 0x0000000015296000 1041       3       sun.reflect.ClassFileAssembler::emitConstantPoolUTF8 (50 bytes)
Event: 8.040 Thread 0x0000000015296000 nmethod 1041 0x000000000302b390 code [0x000000000302b580, 0x000000000302bc08]
Event: 8.040 Thread 0x0000000015296000 1042       3       sun.reflect.ByteVectorImpl::get (26 bytes)

GC Heap History (2 events):
Event: 7.992 GC heap before
{Heap before GC invocations=1 (full 0):
 PSYoungGen      total 18432K, used 15872K [0x00000000eb600000, 0x00000000eca80000, 0x0000000100000000)
  eden space 15872K, 100% used [0x00000000eb600000,0x00000000ec580000,0x00000000ec580000)
  from space 2560K, 0% used [0x00000000ec800000,0x00000000ec800000,0x00000000eca80000)
  to   space 2560K, 0% used [0x00000000ec580000,0x00000000ec580000,0x00000000ec800000)
 ParOldGen       total 42496K, used 0K [0x00000000c2200000, 0x00000000c4b80000, 0x00000000eb600000)
  object space 42496K, 0% used [0x00000000c2200000,0x00000000c2200000,0x00000000c4b80000)
 Metaspace       used 16097K, capacity 16374K, committed 16512K, reserved 1062912K
  class space    used 2046K, capacity 2173K, committed 2176K, reserved 1048576K
Event: 8.012 GC heap after
Heap after GC invocations=1 (full 0):
 PSYoungGen      total 18432K, used 2544K [0x00000000eb600000, 0x00000000eca80000, 0x0000000100000000)
  eden space 15872K, 0% used [0x00000000eb600000,0x00000000eb600000,0x00000000ec580000)
  from space 2560K, 99% used [0x00000000ec580000,0x00000000ec7fc010,0x00000000ec800000)
  to   space 2560K, 0% used [0x00000000ec800000,0x00000000ec800000,0x00000000eca80000)
 ParOldGen       total 42496K, used 2428K [0x00000000c2200000, 0x00000000c4b80000, 0x00000000eb600000)
  object space 42496K, 5% used [0x00000000c2200000,0x00000000c245f0e8,0x00000000c4b80000)
 Metaspace       used 16097K, capacity 16374K, committed 16512K, reserved 1062912K
  class space    used 2046K, capacity 2173K, committed 2176K, reserved 1048576K
}

Deoptimization events (10 events):
Event: 0.853 Thread 0x0000000016f96000 Uncommon trap: reason=class_check action=maybe_recompile pc=0x0000000002e328a8 method=java.lang.String.equals(Ljava/lang/Object;)Z @ 8
Event: 0.879 Thread 0x0000000016f96000 Uncommon trap: reason=unstable_if action=reinterpret pc=0x0000000002f20978 method=java.lang.String.indexOf([CII[CIII)I @ 3
Event: 0.882 Thread 0x0000000016f96000 Uncommon trap: reason=unstable_if action=reinterpret pc=0x0000000002eb80f8 method=java.lang.String.<init>([CII)V @ 18
Event: 0.886 Thread 0x0000000016f96000 Uncommon trap: reason=bimorphic action=maybe_recompile pc=0x0000000002ee47f0 method=java.util.HashMap.putVal(ILjava/lang/Object;Ljava/lang/Object;ZZ)Ljava/lang/Object; @ 152
Event: 1.118 Thread 0x0000000016f96000 Uncommon trap: reason=class_check action=maybe_recompile pc=0x0000000002f654ec method=java.util.HashMap.putVal(ILjava/lang/Object;Ljava/lang/Object;ZZ)Ljava/lang/Object; @ 253
Event: 1.118 Thread 0x0000000016f96000 Uncommon trap: reason=class_check action=maybe_recompile pc=0x0000000002f654ec method=java.util.HashMap.putVal(ILjava/lang/Object;Ljava/lang/Object;ZZ)Ljava/lang/Object; @ 253
Event: 1.118 Thread 0x0000000016f96000 Uncommon trap: reason=class_check action=maybe_recompile pc=0x0000000002f654ec method=java.util.HashMap.putVal(ILjava/lang/Object;Ljava/lang/Object;ZZ)Ljava/lang/Object; @ 253
Event: 1.118 Thread 0x0000000016f96000 Uncommon trap: reason=class_check action=maybe_recompile pc=0x0000000002f654ec method=java.util.HashMap.putVal(ILjava/lang/Object;Ljava/lang/Object;ZZ)Ljava/lang/Object; @ 253
Event: 7.790 Thread 0x0000000016f96000 Uncommon trap: reason=unstable_if action=reinterpret pc=0x0000000002faf81c method=java.math.BigInteger.addOne([IIII)I @ 55
Event: 8.014 Thread 0x0000000016f96000 Uncommon trap: reason=unstable_if action=reinterpret pc=0x0000000002fb58c0 method=java.lang.ref.SoftReference.get()Ljava/lang/Object; @ 17

Internal exceptions (10 events):
Event: 0.409 Thread 0x0000000002bc0800 Exception <a 'java/lang/ClassNotFoundException': Tree> (0x00000000eb9a4e00) thrown at [C:\re\workspace\8-2-build-windows-amd64-cygwin\jdk8u102\7268\hotspot\src\share\vm\classfile\systemDictionary.cpp, line 210]
Event: 0.409 Thread 0x0000000002bc0800 Exception <a 'java/lang/ClassNotFoundException': javax/swing/JTreeCell> (0x00000000eb9a5180) thrown at [C:\re\workspace\8-2-build-windows-amd64-cygwin\jdk8u102\7268\hotspot\src\share\vm\classfile\systemDictionary.cpp, line 210]
Event: 0.409 Thread 0x0000000002bc0800 Exception <a 'java/lang/ClassNotFoundException': TreeCell> (0x00000000eb9a5608) thrown at [C:\re\workspace\8-2-build-windows-amd64-cygwin\jdk8u102\7268\hotspot\src\share\vm\classfile\systemDictionary.cpp, line 210]
Event: 0.410 Thread 0x0000000002bc0800 Exception <a 'java/lang/ClassNotFoundException': RootPane> (0x00000000eb9a6068) thrown at [C:\re\workspace\8-2-build-windows-amd64-cygwin\jdk8u102\7268\hotspot\src\share\vm\classfile\systemDictionary.cpp, line 210]
Event: 5.108 Thread 0x0000000016f96000 Exception <a 'sun/net/ConnectionResetException': > (0x00000000ec2c5310) thrown at [C:\re\workspace\8-2-build-windows-amd64-cygwin\jdk8u102\7268\hotspot\src\share\vm\prims\jni.cpp, line 735]
Event: 5.108 Thread 0x0000000016f96000 Exception <a 'sun/net/ConnectionResetException': > (0x00000000ec2c5728) thrown at [C:\re\workspace\8-2-build-windows-amd64-cygwin\jdk8u102\7268\hotspot\src\share\vm\prims\jni.cpp, line 735]
Event: 5.309 Thread 0x0000000016f96000 Exception <a 'java/io/IOException'> (0x00000000ec33fb28) thrown at [C:\re\workspace\8-2-build-windows-amd64-cygwin\jdk8u102\7268\hotspot\src\share\vm\prims\jni.cpp, line 709]
Event: 5.522 Thread 0x0000000016f96000 Exception <a 'java/io/IOException'> (0x00000000ec34bef8) thrown at [C:\re\workspace\8-2-build-windows-amd64-cygwin\jdk8u102\7268\hotspot\src\share\vm\prims\jni.cpp, line 709]
Event: 5.932 Thread 0x0000000016f96000 Exception <a 'java/io/IOException'> (0x00000000ec358ed0) thrown at [C:\re\workspace\8-2-build-windows-amd64-cygwin\jdk8u102\7268\hotspot\src\share\vm\prims\jni.cpp, line 709]
Event: 6.747 Thread 0x0000000016f96000 Exception <a 'java/io/IOException'> (0x00000000ec3652a0) thrown at [C:\re\workspace\8-2-build-windows-amd64-cygwin\jdk8u102\7268\hotspot\src\share\vm\prims\jni.cpp, line 709]

Events (10 events):
Event: 8.031 loading class javax/crypto/CryptoPermissions
Event: 8.032 loading class javax/crypto/CryptoPermissions done
Event: 8.032 loading class javax/crypto/JceSecurity
Event: 8.033 loading class javax/crypto/JceSecurity done
Event: 8.033 loading class javax/crypto/JceSecurity$1
Event: 8.033 loading class javax/crypto/JceSecurity$1 done
Event: 8.036 loading class java/util/jar/JarFile$JarEntryIterator
Event: 8.036 loading class java/util/jar/JarFile$JarEntryIterator done
Event: 8.036 loading class java/util/zip/ZipFile$ZipEntryIterator
Event: 8.036 loading class java/util/zip/ZipFile$ZipEntryIterator done


Dynamic libraries:
0x00007ff73cc40000 - 0x00007ff73cc77000 	C:\Program Files\Java\jdk1.8.0_102\bin\java.exe
0x00007fff5d6f0000 - 0x00007fff5d8e8000 	C:\WINDOWS\SYSTEM32\ntdll.dll
0x00007fff5c7a0000 - 0x00007fff5c85f000 	C:\WINDOWS\System32\KERNEL32.DLL
0x00007fff5b3b0000 - 0x00007fff5b682000 	C:\WINDOWS\System32\KERNELBASE.dll
0x00007fff5c390000 - 0x00007fff5c43e000 	C:\WINDOWS\System32\ADVAPI32.dll
0x00007fff5ca10000 - 0x00007fff5caae000 	C:\WINDOWS\System32\msvcrt.dll
0x00007fff5b8e0000 - 0x00007fff5b97c000 	C:\WINDOWS\System32\sechost.dll
0x00007fff5d4d0000 - 0x00007fff5d5f4000 	C:\WINDOWS\System32\RPCRT4.dll
0x00007fff5ce40000 - 0x00007fff5cfe1000 	C:\WINDOWS\System32\USER32.dll
0x00007fff5b6e0000 - 0x00007fff5b702000 	C:\WINDOWS\System32\win32u.dll
0x00007fff5ce10000 - 0x00007fff5ce3b000 	C:\WINDOWS\System32\GDI32.dll
0x00007fff5ae60000 - 0x00007fff5af6f000 	C:\WINDOWS\System32\gdi32full.dll
0x00007fff5b020000 - 0x00007fff5b0bd000 	C:\WINDOWS\System32\msvcp_win.dll
0x00007fff5b0c0000 - 0x00007fff5b1c0000 	C:\WINDOWS\System32\ucrtbase.dll
0x00007fff49b00000 - 0x00007fff49d9a000 	C:\WINDOWS\WinSxS\amd64_microsoft.windows.common-controls_6595b64144ccf1df_6.0.19041.1110_none_60b5254171f9507e\COMCTL32.dll
0x00007fff5b980000 - 0x00007fff5b9b0000 	C:\WINDOWS\System32\IMM32.DLL
0x0000000053be0000 - 0x0000000053cb1000 	C:\Program Files\Java\jdk1.8.0_102\jre\bin\msvcr100.dll
0x0000000053340000 - 0x0000000053bda000 	C:\Program Files\Java\jdk1.8.0_102\jre\bin\server\jvm.dll
0x00007fff5c440000 - 0x00007fff5c448000 	C:\WINDOWS\System32\PSAPI.DLL
0x00007fff585d0000 - 0x00007fff585d9000 	C:\WINDOWS\SYSTEM32\WSOCK32.dll
0x00007fff5c520000 - 0x00007fff5c58b000 	C:\WINDOWS\System32\WS2_32.dll
0x00007fff463f0000 - 0x00007fff46417000 	C:\WINDOWS\SYSTEM32\WINMM.dll
0x00007fff4ce40000 - 0x00007fff4ce4a000 	C:\WINDOWS\SYSTEM32\VERSION.dll
0x0000000053330000 - 0x000000005333f000 	C:\Program Files\Java\jdk1.8.0_102\jre\bin\verify.dll
0x0000000053300000 - 0x0000000053329000 	C:\Program Files\Java\jdk1.8.0_102\jre\bin\java.dll
0x00000000532e0000 - 0x00000000532f6000 	C:\Program Files\Java\jdk1.8.0_102\jre\bin\zip.dll
0x00007fff5ba40000 - 0x00007fff5c185000 	C:\WINDOWS\System32\SHELL32.dll
0x00007fff58eb0000 - 0x00007fff59642000 	C:\WINDOWS\SYSTEM32\windows.storage.dll
0x00007fff5cab0000 - 0x00007fff5ce05000 	C:\WINDOWS\System32\combase.dll
0x00007fff5a770000 - 0x00007fff5a7a0000 	C:\WINDOWS\SYSTEM32\Wldp.dll
0x00007fff5c450000 - 0x00007fff5c4fd000 	C:\WINDOWS\System32\SHCORE.dll
0x00007fff5b880000 - 0x00007fff5b8d5000 	C:\WINDOWS\System32\shlwapi.dll
0x00007fff5ad30000 - 0x00007fff5ad4f000 	C:\WINDOWS\SYSTEM32\profapi.dll
0x0000000053140000 - 0x00000000532d8000 	C:\Program Files\Java\jdk1.8.0_102\jre\bin\awt.dll
0x00007fff5c2c0000 - 0x00007fff5c38d000 	C:\WINDOWS\System32\OLEAUT32.dll
0x00007fff586e0000 - 0x00007fff58770000 	C:\WINDOWS\SYSTEM32\apphelp.dll
0x00007fff587e0000 - 0x00007fff5887e000 	C:\WINDOWS\system32\uxtheme.dll
0x00007fff5c600000 - 0x00007fff5c714000 	C:\WINDOWS\System32\MSCTF.dll
0x00007fff5c190000 - 0x00007fff5c2ba000 	C:\WINDOWS\System32\ole32.dll
0x00007fff58cb0000 - 0x00007fff58cc2000 	C:\WINDOWS\SYSTEM32\kernel.appcore.dll
0x00007fff5b1c0000 - 0x00007fff5b242000 	C:\WINDOWS\System32\bcryptPrimitives.dll
0x00007fff589c0000 - 0x00007fff589ef000 	C:\WINDOWS\system32\DWMAPI.DLL
0x00000000530f0000 - 0x0000000053137000 	C:\Program Files\Java\jdk1.8.0_102\jre\bin\fontmanager.dll
0x00007fff5d600000 - 0x00007fff5d6a9000 	C:\WINDOWS\System32\clbcatq.dll
0x00007fff55940000 - 0x00007fff55af4000 	C:\WINDOWS\SYSTEM32\WindowsCodecs.dll
0x00007fff5b710000 - 0x00007fff5b737000 	C:\WINDOWS\System32\bcrypt.dll
0x00007fff3f100000 - 0x00007fff3f13e000 	C:\WINDOWS\system32\dataexchange.dll
0x00007fff570b0000 - 0x00007fff57313000 	C:\WINDOWS\system32\d3d11.dll
0x00007fff57a60000 - 0x00007fff57c43000 	C:\WINDOWS\system32\dcomp.dll
0x00007fff596b0000 - 0x00007fff597a3000 	C:\WINDOWS\system32\dxgi.dll
0x00007fff55cb0000 - 0x00007fff55eb0000 	C:\WINDOWS\system32\twinapi.appcore.dll
0x00000000530d0000 - 0x00000000530ea000 	C:\Program Files\Java\jdk1.8.0_102\jre\bin\net.dll
0x00007fff5a4d0000 - 0x00007fff5a53a000 	C:\WINDOWS\system32\mswsock.dll
0x00000000530b0000 - 0x00000000530c1000 	C:\Program Files\Java\jdk1.8.0_102\jre\bin\nio.dll
0x0000000053060000 - 0x00000000530a2000 	C:\Program Files\Java\jdk1.8.0_102\jre\bin\t2k.dll
0x00007fff5a200000 - 0x00007fff5a2cb000 	C:\WINDOWS\SYSTEM32\DNSAPI.dll
0x00007fff5a1c0000 - 0x00007fff5a1fb000 	C:\WINDOWS\SYSTEM32\IPHLPAPI.DLL
0x00007fff5d4c0000 - 0x00007fff5d4c8000 	C:\WINDOWS\System32\NSI.dll
0x00007fff4c860000 - 0x00007fff4c86a000 	C:\Windows\System32\rasadhlp.dll
0x00007fff4c990000 - 0x00007fff4ca10000 	C:\WINDOWS\System32\fwpuclnt.dll
0x00007fff5a6d0000 - 0x00007fff5a6e8000 	C:\WINDOWS\SYSTEM32\CRYPTSP.dll
0x00007fff59df0000 - 0x00007fff59e24000 	C:\WINDOWS\system32\rsaenh.dll
0x00007fff5acb0000 - 0x00007fff5acde000 	C:\WINDOWS\SYSTEM32\USERENV.dll
0x00007fff5a6c0000 - 0x00007fff5a6cc000 	C:\WINDOWS\SYSTEM32\CRYPTBASE.dll
0x00007fff4fc60000 - 0x00007fff4fc77000 	C:\WINDOWS\SYSTEM32\dhcpcsvc6.DLL
0x00007fff50350000 - 0x00007fff5036d000 	C:\WINDOWS\SYSTEM32\dhcpcsvc.DLL
0x0000000053030000 - 0x0000000053054000 	C:\Program Files\Java\jdk1.8.0_102\jre\bin\sunec.dll
0x0000000053020000 - 0x000000005302b000 	C:\Program Files\Java\jdk1.8.0_102\jre\bin\sunmscapi.dll
0x00007fff5b250000 - 0x00007fff5b3a6000 	C:\WINDOWS\System32\CRYPT32.dll

VM Arguments:
jvm_args: -Dfile.encoding=UTF-8 
java_command: bookstore.GUI.frmNhanVien
java_class_path (initial): C:\Users\ngong\Downloads\sqljdbc42 (1).jar;C:\Users\ngong\Downloads\BookStore-123code.vn -\BookStore\jcalendar-1.4\lib\jcalendar-1.4.jar;C:\Users\ngong\Downloads\BookStore-123code.vn -\BookStore\jcalendar-1.4\lib\jgoodies-common-1.2.0.jar;C:\Users\ngong\Downloads\BookStore-123code.vn -\BookStore\jcalendar-1.4\lib\jgoodies-looks-2.4.1.jar;C:\Users\ngong\Downloads\BookStore-123code.vn -\BookStore\jcalendar-1.4\lib\junit-4.6.jar;C:\Users\ngong\Downloads\BookStore-123code.vn -\BookStore\poi-bin-3.15-20160924\poi-3.15\poi-3.15.jar;D:\netbean\giaodien\build\classes
Launcher Type: SUN_STANDARD

Environment Variables:
JAVA_HOME=C:\Program Files\Java\jdk-16
PATH=C:\Program Files\Common Files\Oracle\Java\javapath;C:\WINDOWS\system32;C:\WINDOWS;C:\WINDOWS\System32\Wbem;C:\WINDOWS\System32\WindowsPowerShell\v1.0\;C:\WINDOWS\System32\OpenSSH\;C:\Program Files\Java\jdk-16\bin;C:\Program Files (x86)\Microsoft SQL Server\160\Tools\Binn\;C:\Program Files\Microsoft SQL Server\160\Tools\Binn\;C:\Program Files\Microsoft SQL Server\Client SDK\ODBC\170\Tools\Binn\;C:\Program Files\Microsoft SQL Server\160\DTS\Binn\;C:\Program Files (x86)\Microsoft SQL Server\160\DTS\Binn\;C:\Program Files\Azure Data Studio\bin;C:\Users\ngong\AppData\Local\Microsoft\WindowsApps;;C:\Users\ngong\AppData\Local\Programs\Microsoft VS Code\bin;C:\Program Files\Azure Data Studio\bin
USERNAME=ngong
OS=Windows_NT
PROCESSOR_IDENTIFIER=Intel64 Family 6 Model 58 Stepping 9, GenuineIntel



---------------  S Y S T E M  ---------------

OS: Windows 10.0 , 64 bit Build 19041 (10.0.19041.2546)

CPU:total 4 (2 cores per cpu, 2 threads per core) family 6 model 58 stepping 9, cmov, cx8, fxsr, mmx, sse, sse2, sse3, ssse3, sse4.1, sse4.2, popcnt, avx, aes, clmul, erms, ht, tsc, tscinvbit, tscinv

Memory: 4k page, physical 4054508k(331448k free), swap 11094376k(4492k free)

vm_info: Java HotSpot(TM) 64-Bit Server VM (25.102-b14) for windows-amd64 JRE (1.8.0_102-b14), built on Jun 22 2016 13:15:21 by "java_re" with MS VC++ 10.0 (VS2010)

time: Tue Mar 28 14:06:58 2023
elapsed time: 8 seconds (0d 0h 0m 8s)

