#
# There is insufficient memory for the Java Runtime Environment to continue.
# Native memory allocation (malloc) failed to allocate 269136 bytes for Chunk::new
# Possible reasons:
#   The system is out of physical RAM or swap space
#   In 32 bit mode, the process size limit was hit
# Possible solutions:
#   Reduce memory load on the system
#   Increase physical memory or swap space
#   Check if swap backing store is full
#   Use 64 bit Java on a 64 bit OS
#   Decrease Java heap size (-Xmx/-Xms)
#   Decrease number of Java threads
#   Decrease Java thread stack sizes (-Xss)
#   Set larger code cache with -XX:ReservedCodeCacheSize=
# This output file may be truncated or incomplete.
#
#  Out of Memory Error (allocation.cpp:390), pid=8620, tid=0x00000000000032cc
#
# JRE version: Java(TM) SE Runtime Environment (8.0_102-b14) (build 1.8.0_102-b14)
# Java VM: Java HotSpot(TM) 64-Bit Server VM (25.102-b14 mixed mode windows-amd64 compressed oops)
# Failed to write core dump. Minidumps are not enabled by default on client versions of Windows
#

---------------  T H R E A D  ---------------

Current thread (0x000000001490a000):  JavaThread "C2 CompilerThread1" daemon [_thread_in_native, id=13004, stack(0x0000000016070000,0x0000000016170000)]

Stack: [0x0000000016070000,0x0000000016170000]
[error occurred during error reporting (printing stack bounds), id 0xc0000005]

Native frames: (J=compiled Java code, j=interpreted, Vv=VM code, C=native code)


Current CompileTask:
C2:    808  428 %     4       com.sun.tools.javac.file.ZipFileIndex$ZipDirectory::readEntry @ 215 (587 bytes)


---------------  P R O C E S S  ---------------

Java Threads: ( => current thread )
  0x000000001495e000 JavaThread "Service Thread" daemon [_thread_blocked, id=8120, stack(0x0000000016670000,0x0000000016770000)]
  0x0000000014957000 JavaThread "C1 CompilerThread2" daemon [_thread_blocked, id=6348, stack(0x0000000016170000,0x0000000016270000)]
=>0x000000001490a000 JavaThread "C2 CompilerThread1" daemon [_thread_in_native, id=13004, stack(0x0000000016070000,0x0000000016170000)]
  0x0000000014906000 JavaThread "C2 CompilerThread0" daemon [_thread_in_native, id=14544, stack(0x0000000015f70000,0x0000000016070000)]
  0x0000000014903000 JavaThread "Attach Listener" daemon [_thread_blocked, id=10064, stack(0x0000000015e70000,0x0000000015f70000)]
  0x0000000014954800 JavaThread "Signal Dispatcher" daemon [_thread_blocked, id=12008, stack(0x0000000015d70000,0x0000000015e70000)]
  0x000000000237b000 JavaThread "Finalizer" daemon [_thread_blocked, id=5616, stack(0x0000000015b50000,0x0000000015c50000)]
  0x0000000002370000 JavaThread "Reference Handler" daemon [_thread_blocked, id=13972, stack(0x0000000015a50000,0x0000000015b50000)]
  0x000000000096e000 JavaThread "main" [_thread_in_native, id=11020, stack(0x0000000002120000,0x0000000002220000)]

Other Threads:
  0x00000000148c7800 VMThread [stack: 0x0000000015950000,0x0000000015a50000] [id=2396]
  0x0000000016324800 WatcherThread [stack: 0x0000000016770000,0x0000000016870000] [id=13436]

VM state:not at safepoint (normal execution)

VM Mutex/Monitor currently owned by a thread: None

Heap:
 PSYoungGen      total 6656K, used 5579K [0x00000000eb600000, 0x00000000ebd00000, 0x0000000100000000)
  eden space 6144K, 90% used [0x00000000eb600000,0x00000000ebb72d20,0x00000000ebc00000)
  from space 512K, 0% used [0x00000000ebc00000,0x00000000ebc00000,0x00000000ebc80000)
  to   space 512K, 0% used [0x00000000ebc80000,0x00000000ebc80000,0x00000000ebd00000)
 ParOldGen       total 5632K, used 4449K [0x00000000c2200000, 0x00000000c2780000, 0x00000000eb600000)
  object space 5632K, 79% used [0x00000000c2200000,0x00000000c2658550,0x00000000c2780000)
 Metaspace       used 7442K, capacity 8244K, committed 8448K, reserved 1056768K
  class space    used 896K, capacity 944K, committed 1024K, reserved 1048576K

Card table byte_map: [0x0000000011740000,0x0000000011930000] byte_map_base: 0x000000001112f000

Marking Bits: (ParMarkBitMap*) 0x0000000053b5a6c0
 Begin Bits: [0x0000000011e80000, 0x0000000012df8000)
 End Bits:   [0x0000000012df8000, 0x0000000013d70000)

Polling page: 0x0000000000930000

CodeCache: size=245760Kb used=2456Kb max_used=2456Kb free=243303Kb
 bounds [0x0000000002380000, 0x00000000025f0000, 0x0000000011380000]
 total_blobs=761 nmethods=472 adapters=199
 compilation: enabled

Compilation events (10 events):
Event: 0.779 Thread 0x0000000014906000 nmethod 452 0x00000000025d1710 code [0x00000000025d1840, 0x00000000025d18f8]
Event: 0.779 Thread 0x0000000014906000  453       4       java.lang.ThreadLocal::get (38 bytes)
Event: 0.781 Thread 0x0000000014906000 nmethod 453 0x00000000025e0b50 code [0x00000000025e0ca0, 0x00000000025e0db8]
Event: 0.781 Thread 0x0000000014906000  460       4       com.sun.tools.javac.file.RelativePath::hashCode (8 bytes)
Event: 0.785 Thread 0x0000000014906000 nmethod 460 0x00000000025dbe10 code [0x00000000025dbf40, 0x00000000025dc0b8]
Event: 0.785 Thread 0x0000000014906000  456       4       java.lang.String::<init> (38 bytes)
Event: 0.799 Thread 0x0000000014906000 nmethod 456 0x00000000025e6a10 code [0x00000000025e6be0, 0x00000000025e7480]
Event: 0.799 Thread 0x0000000014906000  457   !   4       java.lang.StringCoding::decode (120 bytes)
Event: 0.804 Thread 0x0000000014957000  478       3       java.util.ComparableTimSort::mergeAt (356 bytes)
Event: 0.805 Thread 0x0000000014957000 nmethod 478 0x00000000025e1a10 code [0x00000000025e1c00, 0x00000000025e23b8]

GC Heap History (10 events):
Event: 0.299 GC heap before
{Heap before GC invocations=2 (full 0):
 PSYoungGen      total 2048K, used 2032K [0x00000000eb600000, 0x00000000eba00000, 0x0000000100000000)
  eden space 1536K, 100% used [0x00000000eb600000,0x00000000eb780000,0x00000000eb780000)
  from space 512K, 96% used [0x00000000eb780000,0x00000000eb7fc010,0x00000000eb800000)
  to   space 512K, 0% used [0x00000000eb980000,0x00000000eb980000,0x00000000eba00000)
 ParOldGen       total 5632K, used 112K [0x00000000c2200000, 0x00000000c2780000, 0x00000000eb600000)
  object space 5632K, 1% used [0x00000000c2200000,0x00000000c221c020,0x00000000c2780000)
 Metaspace       used 4134K, capacity 5388K, committed 5760K, reserved 1056768K
  class space    used 489K, capacity 520K, committed 640K, reserved 1048576K
Event: 0.301 GC heap after
Heap after GC invocations=2 (full 0):
 PSYoungGen      total 3584K, used 496K [0x00000000eb600000, 0x00000000eba00000, 0x0000000100000000)
  eden space 3072K, 0% used [0x00000000eb600000,0x00000000eb600000,0x00000000eb900000)
  from space 512K, 96% used [0x00000000eb980000,0x00000000eb9fc010,0x00000000eba00000)
  to   space 512K, 0% used [0x00000000eb900000,0x00000000eb900000,0x00000000eb980000)
 ParOldGen       total 5632K, used 168K [0x00000000c2200000, 0x00000000c2780000, 0x00000000eb600000)
  object space 5632K, 2% used [0x00000000c2200000,0x00000000c222a020,0x00000000c2780000)
 Metaspace       used 4134K, capacity 5388K, committed 5760K, reserved 1056768K
  class space    used 489K, capacity 520K, committed 640K, reserved 1048576K
}
Event: 0.392 GC heap before
{Heap before GC invocations=3 (full 0):
 PSYoungGen      total 3584K, used 3466K [0x00000000eb600000, 0x00000000eba00000, 0x0000000100000000)
  eden space 3072K, 96% used [0x00000000eb600000,0x00000000eb8e6b30,0x00000000eb900000)
  from space 512K, 96% used [0x00000000eb980000,0x00000000eb9fc010,0x00000000eba00000)
  to   space 512K, 0% used [0x00000000eb900000,0x00000000eb900000,0x00000000eb980000)
 ParOldGen       total 5632K, used 168K [0x00000000c2200000, 0x00000000c2780000, 0x00000000eb600000)
  object space 5632K, 2% used [0x00000000c2200000,0x00000000c222a020,0x00000000c2780000)
 Metaspace       used 5069K, capacity 6284K, committed 6656K, reserved 1056768K
  class space    used 620K, capacity 648K, committed 768K, reserved 1048576K
Event: 0.393 GC heap after
Heap after GC invocations=3 (full 0):
 PSYoungGen      total 3584K, used 511K [0x00000000eb600000, 0x00000000ebd00000, 0x0000000100000000)
  eden space 3072K, 0% used [0x00000000eb600000,0x00000000eb600000,0x00000000eb900000)
  from space 512K, 99% used [0x00000000eb900000,0x00000000eb97fc10,0x00000000eb980000)
  to   space 512K, 0% used [0x00000000ebc80000,0x00000000ebc80000,0x00000000ebd00000)
 ParOldGen       total 5632K, used 688K [0x00000000c2200000, 0x00000000c2780000, 0x00000000eb600000)
  object space 5632K, 12% used [0x00000000c2200000,0x00000000c22ac040,0x00000000c2780000)
 Metaspace       used 5069K, capacity 6284K, committed 6656K, reserved 1056768K
  class space    used 620K, capacity 648K, committed 768K, reserved 1048576K
}
Event: 0.510 GC heap before
{Heap before GC invocations=4 (full 0):
 PSYoungGen      total 3584K, used 3583K [0x00000000eb600000, 0x00000000ebd00000, 0x0000000100000000)
  eden space 3072K, 100% used [0x00000000eb600000,0x00000000eb900000,0x00000000eb900000)
  from space 512K, 99% used [0x00000000eb900000,0x00000000eb97fc10,0x00000000eb980000)
  to   space 512K, 0% used [0x00000000ebc80000,0x00000000ebc80000,0x00000000ebd00000)
 ParOldGen       total 5632K, used 688K [0x00000000c2200000, 0x00000000c2780000, 0x00000000eb600000)
  object space 5632K, 12% used [0x00000000c2200000,0x00000000c22ac040,0x00000000c2780000)
 Metaspace       used 6181K, capacity 7308K, committed 7552K, reserved 1056768K
  class space    used 772K, capacity 776K, committed 896K, reserved 1048576K
Event: 0.511 GC heap after
Heap after GC invocations=4 (full 0):
 PSYoungGen      total 6656K, used 496K [0x00000000eb600000, 0x00000000ebd00000, 0x0000000100000000)
  eden space 6144K, 0% used [0x00000000eb600000,0x00000000eb600000,0x00000000ebc00000)
  from space 512K, 96% used [0x00000000ebc80000,0x00000000ebcfc010,0x00000000ebd00000)
  to   space 512K, 0% used [0x00000000ebc00000,0x00000000ebc00000,0x00000000ebc80000)
 ParOldGen       total 5632K, used 992K [0x00000000c2200000, 0x00000000c2780000, 0x00000000eb600000)
  object space 5632K, 17% used [0x00000000c2200000,0x00000000c22f8070,0x00000000c2780000)
 Metaspace       used 6181K, capacity 7308K, committed 7552K, reserved 1056768K
  class space    used 772K, capacity 776K, committed 896K, reserved 1048576K
}
Event: 0.706 GC heap before
{Heap before GC invocations=5 (full 0):
 PSYoungGen      total 6656K, used 6640K [0x00000000eb600000, 0x00000000ebd00000, 0x0000000100000000)
  eden space 6144K, 100% used [0x00000000eb600000,0x00000000ebc00000,0x00000000ebc00000)
  from space 512K, 96% used [0x00000000ebc80000,0x00000000ebcfc010,0x00000000ebd00000)
  to   space 512K, 0% used [0x00000000ebc00000,0x00000000ebc00000,0x00000000ebc80000)
 ParOldGen       total 5632K, used 992K [0x00000000c2200000, 0x00000000c2780000, 0x00000000eb600000)
  object space 5632K, 17% used [0x00000000c2200000,0x00000000c22f8070,0x00000000c2780000)
 Metaspace       used 7424K, capacity 8244K, committed 8448K, reserved 1056768K
  class space    used 895K, capacity 944K, committed 1024K, reserved 1048576K
Event: 0.713 GC heap after
Heap after GC invocations=5 (full 0):
 PSYoungGen      total 6656K, used 496K [0x00000000eb600000, 0x00000000ebd00000, 0x0000000100000000)
  eden space 6144K, 0% used [0x00000000eb600000,0x00000000eb600000,0x00000000ebc00000)
  from space 512K, 96% used [0x00000000ebc00000,0x00000000ebc7c010,0x00000000ebc80000)
  to   space 512K, 0% used [0x00000000ebc80000,0x00000000ebc80000,0x00000000ebd00000)
 ParOldGen       total 5632K, used 4079K [0x00000000c2200000, 0x00000000c2780000, 0x00000000eb600000)
  object space 5632K, 72% used [0x00000000c2200000,0x00000000c25fbf88,0x00000000c2780000)
 Metaspace       used 7424K, capacity 8244K, committed 8448K, reserved 1056768K
  class space    used 895K, capacity 944K, committed 1024K, reserved 1048576K
}
Event: 0.713 GC heap before
{Heap before GC invocations=6 (full 1):
 PSYoungGen      total 6656K, used 496K [0x00000000eb600000, 0x00000000ebd00000, 0x0000000100000000)
  eden space 6144K, 0% used [0x00000000eb600000,0x00000000eb600000,0x00000000ebc00000)
  from space 512K, 96% used [0x00000000ebc00000,0x00000000ebc7c010,0x00000000ebc80000)
  to   space 512K, 0% used [0x00000000ebc80000,0x00000000ebc80000,0x00000000ebd00000)
 ParOldGen       total 5632K, used 4079K [0x00000000c2200000, 0x00000000c2780000, 0x00000000eb600000)
  object space 5632K, 72% used [0x00000000c2200000,0x00000000c25fbf88,0x00000000c2780000)
 Metaspace       used 7424K, capacity 8244K, committed 8448K, reserved 1056768K
  class space    used 895K, capacity 944K, committed 1024K, reserved 1048576K
Event: 0.742 GC heap after
Heap after GC invocations=6 (full 1):
 PSYoungGen      total 6656K, used 0K [0x00000000eb600000, 0x00000000ebd00000, 0x0000000100000000)
  eden space 6144K, 0% used [0x00000000eb600000,0x00000000eb600000,0x00000000ebc00000)
  from space 512K, 0% used [0x00000000ebc00000,0x00000000ebc00000,0x00000000ebc80000)
  to   space 512K, 0% used [0x00000000ebc80000,0x00000000ebc80000,0x00000000ebd00000)
 ParOldGen       total 5632K, used 4449K [0x00000000c2200000, 0x00000000c2780000, 0x00000000eb600000)
  object space 5632K, 79% used [0x00000000c2200000,0x00000000c2658550,0x00000000c2780000)
 Metaspace       used 7424K, capacity 8244K, committed 8448K, reserved 1056768K
  class space    used 895K, capacity 944K, committed 1024K, reserved 1048576K
}

Deoptimization events (5 events):
Event: 0.574 Thread 0x000000000096e000 Uncommon trap: reason=unstable_if action=reinterpret pc=0x00000000024ee844 method=java.lang.String.replace(CC)Ljava/lang/String; @ 26
Event: 0.584 Thread 0x000000000096e000 Uncommon trap: reason=class_check action=maybe_recompile pc=0x000000000251eca8 method=sun.misc.URLClassPath.getLoader(I)Lsun/misc/URLClassPath$Loader; @ 94
Event: 0.610 Thread 0x000000000096e000 Uncommon trap: reason=unstable_if action=reinterpret pc=0x0000000002542278 method=java.lang.String.<init>([CII)V @ 18
Event: 0.632 Thread 0x000000000096e000 Uncommon trap: reason=unstable_if action=reinterpret pc=0x0000000002568a58 method=com.sun.tools.javac.parser.UnicodeReader.scanChar()V @ 37
Event: 0.635 Thread 0x000000000096e000 Uncommon trap: reason=unstable_if action=reinterpret pc=0x0000000002568ec8 method=com.sun.tools.javac.parser.UnicodeReader.scanChar()V @ 37

Internal exceptions (10 events):
Event: 0.040 Thread 0x000000000096e000 Exception <a 'java/lang/NoSuchMethodError': Method sun.misc.Unsafe.defineClass(Ljava/lang/String;[BII)Ljava/lang/Class; name or signature does not match> (0x00000000eb607cd8) thrown at [C:\re\workspace\8-2-build-windows-amd64-cygwin\jdk8u102\7268\hotspot\sˆJ#föy¤?
Event: 0.040 Thread 0x000000000096e000 Exception <a 'java/lang/NoSuchMethodError': Method sun.misc.Unsafe.prefetchRead(Ljava/lang/Object;J)V name or signature does not match> (0x00000000eb607fc0) thrown at [C:\re\workspace\8-2-build-windows-amd64-cygwin\jdk8u102\7268\hotspot\src\share\vm\prims\¸±Ù‘ê;Í?
Event: 0.228 Thread 0x000000000096e000 Exception <a 'java/security/PrivilegedActionException'> (0x00000000eb77cf78) thrown at [C:\re\workspace\8-2-build-windows-amd64-cygwin\jdk8u102\7268\hotspot\src\share\vm\prims\jvm.cpp, line 1386]
Event: 0.228 Thread 0x000000000096e000 Exception <a 'java/security/PrivilegedActionException'> (0x00000000eb77d370) thrown at [C:\re\workspace\8-2-build-windows-amd64-cygwin\jdk8u102\7268\hotspot\src\share\vm\prims\jvm.cpp, line 1386]
Event: 0.233 Thread 0x000000000096e000 Exception <a 'java/security/PrivilegedActionException'> (0x00000000eb601468) thrown at [C:\re\workspace\8-2-build-windows-amd64-cygwin\jdk8u102\7268\hotspot\src\share\vm\prims\jvm.cpp, line 1386]
Event: 0.233 Thread 0x000000000096e000 Exception <a 'java/security/PrivilegedActionException'> (0x00000000eb601860) thrown at [C:\re\workspace\8-2-build-windows-amd64-cygwin\jdk8u102\7268\hotspot\src\share\vm\prims\jvm.cpp, line 1386]
Event: 0.239 Thread 0x000000000096e000 Exception <a 'java/security/PrivilegedActionException'> (0x00000000eb636aa0) thrown at [C:\re\workspace\8-2-build-windows-amd64-cygwin\jdk8u102\7268\hotspot\src\share\vm\prims\jvm.cpp, line 1386]
Event: 0.239 Thread 0x000000000096e000 Exception <a 'java/security/PrivilegedActionException'> (0x00000000eb636e98) thrown at [C:\re\workspace\8-2-build-windows-amd64-cygwin\jdk8u102\7268\hotspot\src\share\vm\prims\jvm.cpp, line 1386]
Event: 0.780 Thread 0x000000000096e000 Exception <a 'java/io/FileNotFoundException'> (0x00000000eb80ae88) thrown at [C:\re\workspace\8-2-build-windows-amd64-cygwin\jdk8u102\7268\hotspot\src\share\vm\prims\jni.cpp, line 709]
Event: 0.784 Thread 0x000000000096e000 Exception <a 'java/io/FileNotFoundException'> (0x00000000eb861400) thrown at [C:\re\workspace\8-2-build-windows-amd64-cygwin\jdk8u102\7268\hotspot\src\share\vm\prims\jni.cpp, line 709]

Events (10 events):
Event: 0.692 loading class sun/security/action/GetBooleanAction
Event: 0.692 loading class sun/security/action/GetBooleanAction done
Event: 0.692 loading class java/util/ComparableTimSort
Event: 0.692 loading class java/util/ComparableTimSort done
Event: 0.694 loading class java/io/RandomAccessFile$1
Event: 0.694 loading class java/io/RandomAccessFile$1 done
Event: 0.706 Executing VM operation: ParallelGCFailedAllocation
Event: 0.742 Executing VM operation: ParallelGCFailedAllocation done
Event: 0.780 loading class com/sun/tools/javac/file/JavacFileManager$MissingArchive
Event: 0.780 loading class com/sun/tools/javac/file/JavacFileManager$MissingArchive done


Dynamic libraries:
0x00007ff7ddee0000 - 0x00007ff7ddee7000 	C:\Program Files\Java\jdk1.8.0_102\bin\javac.exe
0x00007fff5d6f0000 - 0x00007fff5d8e8000 	C:\WINDOWS\SYSTEM32\ntdll.dll
0x00007fff5c7a0000 - 0x00007fff5c85f000 	C:\WINDOWS\System32\KERNEL32.DLL
0x00007fff5b3b0000 - 0x00007fff5b682000 	C:\WINDOWS\System32\KERNELBASE.dll
0x0000000052f60000 - 0x0000000052f8f000 	C:\Program Files\Java\jdk1.8.0_102\bin\jli.dll
0x0000000052e80000 - 0x0000000052f51000 	C:\Program Files\Java\jdk1.8.0_102\bin\MSVCR100.dll
0x00007fff5c390000 - 0x00007fff5c43e000 	C:\WINDOWS\System32\ADVAPI32.dll
0x00007fff5ca10000 - 0x00007fff5caae000 	C:\WINDOWS\System32\msvcrt.dll
0x00007fff5b8e0000 - 0x00007fff5b97c000 	C:\WINDOWS\System32\sechost.dll
0x00007fff5d4d0000 - 0x00007fff5d5f4000 	C:\WINDOWS\System32\RPCRT4.dll
0x00007fff5ce40000 - 0x00007fff5cfe1000 	C:\WINDOWS\System32\USER32.dll
0x00007fff5b6e0000 - 0x00007fff5b702000 	C:\WINDOWS\System32\win32u.dll
0x00007fff5ce10000 - 0x00007fff5ce3b000 	C:\WINDOWS\System32\GDI32.dll
0x00007fff49b00000 - 0x00007fff49d9a000 	C:\WINDOWS\WinSxS\amd64_microsoft.windows.common-controls_6595b64144ccf1df_6.0.19041.1110_none_60b5254171f9507e\COMCTL32.dll
0x00007fff5ae60000 - 0x00007fff5af6f000 	C:\WINDOWS\System32\gdi32full.dll
0x00007fff5b020000 - 0x00007fff5b0bd000 	C:\WINDOWS\System32\msvcp_win.dll
0x00007fff5b0c0000 - 0x00007fff5b1c0000 	C:\WINDOWS\System32\ucrtbase.dll
0x00007fff5b980000 - 0x00007fff5b9b0000 	C:\WINDOWS\System32\IMM32.DLL
0x0000000053be0000 - 0x0000000053cb1000 	C:\Program Files\Java\jdk1.8.0_102\jre\bin\msvcr100.dll
0x0000000053340000 - 0x0000000053bda000 	C:\Program Files\Java\jdk1.8.0_102\jre\bin\server\jvm.dll
0x00007fff5c440000 - 0x00007fff5c448000 	C:\WINDOWS\System32\PSAPI.DLL
0x00007fff463f0000 - 0x00007fff46417000 	C:\WINDOWS\SYSTEM32\WINMM.dll
0x00007fff585d0000 - 0x00007fff585d9000 	C:\WINDOWS\SYSTEM32\WSOCK32.dll
0x00007fff5c520000 - 0x00007fff5c58b000 	C:\WINDOWS\System32\WS2_32.dll
0x00007fff4ce40000 - 0x00007fff4ce4a000 	C:\WINDOWS\SYSTEM32\VERSION.dll
0x0000000053330000 - 0x000000005333f000 	C:\Program Files\Java\jdk1.8.0_102\jre\bin\verify.dll
0x0000000053300000 - 0x0000000053329000 	C:\Program Files\Java\jdk1.8.0_102\jre\bin\java.dll
0x00000000532e0000 - 0x00000000532f6000 	C:\Program Files\Java\jdk1.8.0_102\jre\bin\zip.dll
0x00007fff5ba40000 - 0x00007fff5c185000 	C:\WINDOWS\System32\SHELL32.dll
0x00007fff58eb0000 - 0x00007fff59642000 	C:\WINDOWS\SYSTEM32\windows.storage.dll
0x00007fff5cab0000 - 0x00007fff5ce05000 	C:\WINDOWS\System32\combase.dll
0x00007fff5a770000 - 0x00007fff5a7a0000 	C:\WINDOWS\SYSTEM32\Wldp.dll
0x00007fff5c450000 - 0x00007fff5c4fd000 	C:\WINDOWS\System32\SHCORE.dll
0x00007fff5b880000 - 0x00007fff5b8d5000 	C:\WINDOWS\System32\shlwapi.dll
0x00007fff5ad30000 - 0x00007fff5ad4f000 	C:\WINDOWS\SYSTEM32\profapi.dll

VM Arguments:
jvm_args: -Dapplication.home=C:\Program Files\Java\jdk1.8.0_102 -Xms8m 
java_command: com.sun.tools.javac.Main -d D:\netbean\giaodien\build\classes -classpath D:\netbean\giaodien\build\classes;C:\Users\ngong\Downloads\sqljdbc42 (1).jar;C:\Users\ngong\Downloads\BookStore-123code.vn -\BookStore\jcalendar-1.4\lib\jcalendar-1.4.jar;C:\Users\ngong\Downloads\BookStore-123code.vn -\BookStore\jcalendar-1.4\lib\jgoodies-common-1.2.0.jar;C:\Users\ngong\Downloads\BookStore-123code.vn -\BookStore\jcalendar-1.4\lib\jgoodies-looks-2.4.1.jar;C:\Users\ngong\Downloads\BookStore-123code.vn -\BookStore\jcalendar-1.4\lib\junit-4.6.jar;C:\Users\ngong\Downloads\BookStore-123code.vn -\BookStore\poi-bin-3.15-20160924\poi-3.15\poi-3.15.jar -sourcepath D:\netbean\giaodien\src -target 1.8 -encoding UTF-8 -g -processorpath C:\Users\ngong\Downloads\sqljdbc42 (1).jar;C:\Users\ngong\Downloads\BookStore-123code.vn -\BookStore\jcalendar-1.4\lib\jcalendar-1.4.jar;C:\Users\ngong\Downloads\BookStore-123code.vn -\BookStore\jcalendar-1.4\lib\jgoodies-common-1.2.0.jar;C:\Users\ngong\Downloads\BookStore-123code.vn -\BookStore\jcalendar-1.4\lib\jgoodies-looks-2.4.1.jar;C:\Users\ngong\Downloads\BookStore-123code.vn -\BookStore\jcalendar-1.4\lib\junit-4.6.jar;C:\Users\ngong\Downloads\BookStore-123code.vn -\BookStore\poi-bin-3.15-20160924\poi-3.15\poi-3.15.jar;D:\netbean\giaodien\build\empty -s D:\netbean\giaodien\build\generated-sources\ap-source-output -source 1.8 D:\netbean\giaodien\src\bookstore\GUI\frmNhanVien.java
java_class_path (initial): C:\Program Files\Java\jdk1.8.0_102/lib/tools.jar;C:\Program Files\Java\jdk1.8.0_102/classes
Launcher Type: SUN_STANDARD

Environment Variables:
JAVA_HOME=C:\Program Files\Java\jdk-16
PATH=C:\Program Files\Common Files\Oracle\Java\javapath;C:\WINDOWS\system32;C:\WINDOWS;C:\WINDOWS\System32\Wbem;C:\WINDOWS\System32\WindowsPowerShell\v1.0\;C:\WINDOWS\System32\OpenSSH\;C:\Program Files\Java\jdk-16\bin;C:\Program Files (x86)\Microsoft SQL Server\160\Tools\Binn\;C:\Program Files\Microsoft SQL Server\160\Tools\Binn\;C:\Program Files\Microsoft SQL Server\Client SDK\ODBC\170\Tools\Binn\;C:\Program Files\Microsoft SQL Server\160\DTS\Binn\;C:\Program Files (x86)\Microsoft SQL Server\160\DTS\Binn\;C:\Program Files\Azure Data Studio\bin;C:\Users\ngong\AppData\Local\Microsoft\WindowsApps;;C:\Users\ngong\AppData\Local\Programs\Microsoft VS Code\bin;C:\Program Files\Azure Data Studio\bin
USERNAME=ngong
OS=Windows_NT
PROCESSOR_IDENTIFIER=Intel64 Family 6 Model 58 Stepping 9, GenuineIntel



---------------  S Y S T E M  ---------------

OS: Windows 10.0 , 64 bit Build 19041 (10.0.19041.2546)

CPU:total 4 (2 cores per cpu, 2 threads per core) family 6 model 58 stepping 9, cmov, cx8, fxsr, mmx, sse, sse2, sse3, ssse3, sse4.1, sse4.2, popcnt, avx, aes, clmul, erms, ht, tsc, tscinvbit, tscinv

Memory: 4k page, physical 4054508k(351340k free), swap 11094376k(5640k free)

vm_info: Java HotSpot(TM) 64-Bit Server VM (25.102-b14) for windows-amd64 JRE (1.8.0_102-b14), built on Jun 22 2016 13:15:21 by "java_re" with MS VC++ 10.0 (VS2010)

time: Tue Mar 28 14:17:30 2023
elapsed time: 0 seconds (0d 0h 0m 0s)

